This is pdfTeX, Version 3.141592653-2.6-1.40.28 (MiKTeX 25.12) (preloaded format=pdflatex 2026.3.18)  6 APR 2026 02:01
entering extended mode
 restricted \write18 enabled.
 %&-line parsing enabled.
**./exemplo-tcc.tex
(exemplo-tcc.tex
LaTeX2e <2025-11-01>
L3 programming layer <2025-12-24>
(texufpel.cls


 --------------------------------------------------
 CLASSE texufpel
 FormataĂ§ĂŁo de Documentos LaTeX da UFPEL
 --------------------------------------------------
 Desenvolvida a partir da Classe IIUFRGS
 por Marilton S. de Aguiar (marilton@inf.ufpel.edu.br)
 --------------------------------------------------
 VersĂŁo: 06/02/2024
 --------------------------------------------------


Document Class: texufpel 06/02/2024
(C:\Users\ResTIC55\AppData\Local\Programs\MiKTeX\tex/latex/base\report.cls
Document Class: report 2025/01/22 v1.4n Standard LaTeX document class
(C:\Users\ResTIC55\AppData\Local\Programs\MiKTeX\tex/latex/base\size12.clo
File: size12.clo 2025/01/22 v1.4n Standard LaTeX file (size option)
)
\c@part=\count275
\c@chapter=\count276
\c@section=\count277
\c@subsection=\count278
\c@subsubsection=\count279
\c@paragraph=\count280
\c@subparagraph=\count281
\c@figure=\count282
\c@table=\count283
\abovecaptionskip=\skip49
\belowcaptionskip=\skip50
\bibindent=\dimen148
)
(C:\Users\ResTIC55\AppData\Local\Programs\MiKTeX\tex/generic/babel\babel.sty
Package: babel 2025/12/11 v25.17 The multilingual framework for LuaLaTeX, pdfLa
TeX and XeLaTeX
\babel@savecnt=\count284
LaTeX Encoding Info:    Redeclaring text command \ij (encoding OT1) on input li
ne 2068.
LaTeX Encoding Info:    Redeclaring text command \IJ (encoding OT1) on input li
ne 2070.
LaTeX Encoding Info:    Redeclaring text command \ij (encoding T1) on input lin
e 2072.
LaTeX Encoding Info:    Redeclaring text command \IJ (encoding T1) on input lin
e 2073.
LaTeX Encoding Info:    Ignoring declaration for text command \ij (encoding ?) 
on input line 2074.
LaTeX Encoding Info:    Ignoring declaration for text command \IJ (encoding ?) 
on input line 2076.
LaTeX Encoding Info:    Ignoring declaration for text command \SS (encoding ?) 
on input line 2101.
\U@D=\dimen149
\l@unhyphenated=\language79

(C:\Users\ResTIC55\AppData\Local\Programs\MiKTeX\tex/generic/babel\txtbabel.def
)
\bbl@readstream=\read2
\bbl@dirlevel=\count285
Package babel Info: Configuration files are deprecated, as
(babel)             they can break document portability.
(babel)             Reported on input line 4196.

*************************************
* Local config file bblopts.cfg used
*
(C:\Users\ResTIC55\AppData\Local\Programs\MiKTeX\tex/latex/arabi\bblopts.cfg
File: bblopts.cfg 2005/09/08 v0.1 add Arabic and Farsi to "declared" options of
 babel
)
(C:\Users\ResTIC55\AppData\Local\Programs\MiKTeX\tex/generic/babel/locale/en\ba
bel-english.tex)
(C:\Users\ResTIC55\AppData\Local\Programs\MiKTeX\tex/generic/babel/locale/pt\ba
bel-brazilian.tex)
Package babel Info: Importing font and identification data for english
(babel)             from babel-en.ini. Reported on input line 4320.

(C:\Users\ResTIC55\AppData\Local\Programs\MiKTeX\tex/latex/babel-english\englis
h.ldf
Language: english 2017/06/06 v3.3r English support from the babel system
Package babel Info: Hyphen rules for 'canadian' set to \l@english
(babel)             (\language0). Reported on input line 102.
Package babel Info: Hyphen rules for 'australian' set to \l@ukenglish
(babel)             (\language73). Reported on input line 105.
Package babel Info: Hyphen rules for 'newzealand' set to \l@ukenglish
(babel)             (\language73). Reported on input line 108.
)
Package babel Info: Importing font and identification data for brazilian
(babel)             from babel-pt-BR.ini. Reported on input line 4320.

(C:\Users\ResTIC55\AppData\Local\Programs\MiKTeX\tex/latex/babel-portuges\brazi
lian.ldf
Language: portuges 2026/01/24 v1.2u Portuguese support from the babel system
Package babel Info: Hyphen rules for 'brazilian' set to \l@portuguese
(babel)             (\language56). Reported on input line 100.
Package babel Info: Making " an active character on input line 132.
))
(C:\Users\ResTIC55\AppData\Local\Programs\MiKTeX\tex/latex/lastpage\lastpage.st
y
Package: lastpage 2025/08/14 v2.1h lastpage: 2.09 or 2e? (HMM)

(C:\Users\ResTIC55\AppData\Local\Programs\MiKTeX\tex/latex/lastpage\lastpage2e.
sty
Package: lastpage2e 2025/08/14 v2.1h Decide which 2e lastpage version to use (H
MM)

(C:\Users\ResTIC55\AppData\Local\Programs\MiKTeX\tex/latex/lastpage\lastpagemod
ern.sty
Package: lastpagemodern 2025-08-14 v2.1h Refers to last page's name (HMM; JPG)
\c@lastpagecount=\count286
) 
))
(C:\Users\ResTIC55\AppData\Local\Programs\MiKTeX\tex/latex/tools\indentfirst.st
y
Package: indentfirst 2023/07/02 v1.03 Indent first paragraph (DPC)
) (C:\Users\ResTIC55\AppData\Local\Programs\MiKTeX\tex/latex/natbib\natbib.sty
Package: natbib 2010/09/13 8.31b (PWD, AO)
\bibhang=\skip51
\bibsep=\skip52
LaTeX Info: Redefining \cite on input line 694.
\c@NAT@ctr=\count287
)
(C:\Users\ResTIC55\AppData\Local\Programs\MiKTeX\tex/latex/chngcntr\chngcntr.st
y
Package: chngcntr 2018/04/09 v1.1a change counter resetting
Package chngcntr Info: \counterwithout already defined.
(chngcntr)             Quitting chngcntr on input line 21.
)
(C:\Users\ResTIC55\AppData\Local\Programs\MiKTeX\tex/latex/titlesec\titlesec.st
y
Package: titlesec 2025/01/04 v2.17 Sectioning titles
\ttl@box=\box53
\beforetitleunit=\skip53
\aftertitleunit=\skip54
\ttl@plus=\dimen150
\ttl@minus=\dimen151
\ttl@toksa=\toks17
\titlewidth=\dimen152
\titlewidthlast=\dimen153
\titlewidthfirst=\dimen154
)
(C:\Users\ResTIC55\AppData\Local\Programs\MiKTeX\tex/latex/graphics\color.sty
Package: color 2025/01/14 v1.3e Standard LaTeX Color (DPC)

(C:\Users\ResTIC55\AppData\Local\Programs\MiKTeX\tex/latex/graphics-cfg\color.c
fg
File: color.cfg 2016/01/02 v1.6 sample color configuration
)
Package color Info: Driver file: pdftex.def on input line 149.

(C:\Users\ResTIC55\AppData\Local\Programs\MiKTeX\tex/latex/graphics-def\pdftex.
def
File: pdftex.def 2025/09/29 v1.2d Graphics/color driver for pdftex
)
(C:\Users\ResTIC55\AppData\Local\Programs\MiKTeX\tex/latex/graphics\mathcolor.l
tx))
(C:\Users\ResTIC55\AppData\Local\Programs\MiKTeX\tex/latex/setspace\setspace.st
y
Package: setspace 2022/12/04 v6.7b set line spacing
)
(C:\Users\ResTIC55\AppData\Local\Programs\MiKTeX\tex/latex/geometry\geometry.st
y
Package: geometry 2026/03/07 v6.0 Page Geometry

(C:\Users\ResTIC55\AppData\Local\Programs\MiKTeX\tex/latex/graphics\keyval.sty
Package: keyval 2022/05/29 v1.15 key=value parser (DPC)
\KV@toks@=\toks18
) (C:\Users\ResTIC55\AppData\Local\Programs\MiKTeX\tex/generic/iftex\ifvtex.sty
Package: ifvtex 2019/10/25 v1.7 ifvtex legacy package. Use iftex instead.

(C:\Users\ResTIC55\AppData\Local\Programs\MiKTeX\tex/generic/iftex\iftex.sty
Package: iftex 2024/12/12 v1.0g TeX engine tests
))
\Gm@cnth=\count288
\Gm@cntv=\count289
\c@Gm@tempcnt=\count290
\Gm@bindingoffset=\dimen155
\Gm@wd@mp=\dimen156
\Gm@odd@mp=\dimen157
\Gm@even@mp=\dimen158
\Gm@layoutwidth=\dimen159
\Gm@layoutheight=\dimen160
\Gm@layouthoffset=\dimen161
\Gm@layoutvoffset=\dimen162
\Gm@dimlist=\toks19

(C:\Users\ResTIC55\AppData\Local\Programs\MiKTeX\tex/latex/geometry\geometry.cf
g))
(C:\Users\ResTIC55\AppData\Local\Programs\MiKTeX\tex/latex/hyperref\hyperref.st
y
Package: hyperref 2025-07-12 v7.01o Hypertext links for LaTeX

(C:\Users\ResTIC55\AppData\Local\Programs\MiKTeX\tex/latex/kvsetkeys\kvsetkeys.
sty
Package: kvsetkeys 2022-10-05 v1.19 Key value parser (HO)
)
(C:\Users\ResTIC55\AppData\Local\Programs\MiKTeX\tex/generic/kvdefinekeys\kvdef
inekeys.sty
Package: kvdefinekeys 2019-12-19 v1.6 Define keys (HO)
)
(C:\Users\ResTIC55\AppData\Local\Programs\MiKTeX\tex/generic/pdfescape\pdfescap
e.sty
Package: pdfescape 2019/12/09 v1.15 Implements pdfTeX's escape features (HO)

(C:\Users\ResTIC55\AppData\Local\Programs\MiKTeX\tex/generic/ltxcmds\ltxcmds.st
y
Package: ltxcmds 2023-12-04 v1.26 LaTeX kernel commands for general use (HO)
)
(C:\Users\ResTIC55\AppData\Local\Programs\MiKTeX\tex/generic/pdftexcmds\pdftexc
mds.sty
Package: pdftexcmds 2020-06-27 v0.33 Utility functions of pdfTeX for LuaTeX (HO
)

(C:\Users\ResTIC55\AppData\Local\Programs\MiKTeX\tex/generic/infwarerr\infwarer
r.sty
Package: infwarerr 2019/12/03 v1.5 Providing info/warning/error messages (HO)
)
Package pdftexcmds Info: \pdf@primitive is available.
Package pdftexcmds Info: \pdf@ifprimitive is available.
Package pdftexcmds Info: \pdfdraftmode found.
))
(C:\Users\ResTIC55\AppData\Local\Programs\MiKTeX\tex/latex/hycolor\hycolor.sty
Package: hycolor 2020-01-27 v1.10 Color options for hyperref/bookmark (HO)
)
(C:\Users\ResTIC55\AppData\Local\Programs\MiKTeX\tex/latex/hyperref\nameref.sty
Package: nameref 2025-06-21 v2.57 Cross-referencing by name of section

(C:\Users\ResTIC55\AppData\Local\Programs\MiKTeX\tex/latex/refcount\refcount.st
y
Package: refcount 2019/12/15 v3.6 Data extraction from label references (HO)
)
(C:\Users\ResTIC55\AppData\Local\Programs\MiKTeX\tex/generic/gettitlestring\get
titlestring.sty
Package: gettitlestring 2019/12/15 v1.6 Cleanup title references (HO)

(C:\Users\ResTIC55\AppData\Local\Programs\MiKTeX\tex/latex/kvoptions\kvoptions.
sty
Package: kvoptions 2022-06-15 v3.15 Key value format for package options (HO)
))
\c@section@level=\count291
)
(C:\Users\ResTIC55\AppData\Local\Programs\MiKTeX\tex/latex/etoolbox\etoolbox.st
y
Package: etoolbox 2025/10/02 v2.5m e-TeX tools for LaTeX (JAW)
\etb@tempcnta=\count292
)
(C:\Users\ResTIC55\AppData\Local\Programs\MiKTeX\tex/generic/stringenc\stringen
c.sty
Package: stringenc 2019/11/29 v1.12 Convert strings between diff. encodings (HO
)
)
\@linkdim=\dimen163
\Hy@linkcounter=\count293
\Hy@pagecounter=\count294

(C:\Users\ResTIC55\AppData\Local\Programs\MiKTeX\tex/latex/hyperref\pd1enc.def
File: pd1enc.def 2025-07-12 v7.01o Hyperref: PDFDocEncoding definition (HO)
Now handling font encoding PD1 ...
... no UTF-8 mapping file for font encoding PD1
)
(C:\Users\ResTIC55\AppData\Local\Programs\MiKTeX\tex/generic/intcalc\intcalc.st
y
Package: intcalc 2019/12/15 v1.3 Expandable calculations with integers (HO)
)
\Hy@SavedSpaceFactor=\count295

(C:\Users\ResTIC55\AppData\Local\Programs\MiKTeX\tex/latex/hyperref\puenc.def
File: puenc.def 2025-07-12 v7.01o Hyperref: PDF Unicode definition (HO)
Now handling font encoding PU ...
... no UTF-8 mapping file for font encoding PU
)
Package hyperref Info: Hyper figures OFF on input line 4195.
Package hyperref Info: Link nesting OFF on input line 4200.
Package hyperref Info: Hyper index ON on input line 4203.
Package hyperref Info: Plain pages OFF on input line 4210.
Package hyperref Info: Backreferencing OFF on input line 4215.
Package hyperref Info: Implicit mode ON; LaTeX internals redefined.
Package hyperref Info: Bookmarks ON on input line 4462.
\c@Hy@tempcnt=\count296

(C:\Users\ResTIC55\AppData\Local\Programs\MiKTeX\tex/latex/url\url.sty
\Urlmuskip=\muskip17
Package: url 2013/09/16  ver 3.4  Verb mode for urls, etc.
)
LaTeX Info: Redefining \url on input line 4801.
\XeTeXLinkMargin=\dimen164

(C:\Users\ResTIC55\AppData\Local\Programs\MiKTeX\tex/generic/bitset\bitset.sty
Package: bitset 2019/12/09 v1.3 Handle bit-vector datatype (HO)

(C:\Users\ResTIC55\AppData\Local\Programs\MiKTeX\tex/generic/bigintcalc\bigintc
alc.sty
Package: bigintcalc 2019/12/15 v1.5 Expandable calculations on big integers (HO
)
))
\Fld@menulength=\count297
\Field@Width=\dimen165
\Fld@charsize=\dimen166
Package hyperref Info: Hyper figures OFF on input line 6078.
Package hyperref Info: Link nesting OFF on input line 6083.
Package hyperref Info: Hyper index ON on input line 6086.
Package hyperref Info: backreferencing OFF on input line 6093.
Package hyperref Info: Link coloring OFF on input line 6098.
Package hyperref Info: Link coloring with OCG OFF on input line 6103.
Package hyperref Info: PDF/A mode OFF on input line 6108.
\Hy@abspage=\count298
\c@Item=\count299
\c@Hfootnote=\count300
)
Package hyperref Info: Driver (autodetected): hpdftex.

(C:\Users\ResTIC55\AppData\Local\Programs\MiKTeX\tex/latex/hyperref\hpdftex.def
File: hpdftex.def 2025-07-12 v7.01o Hyperref driver for pdfTeX
\Fld@listcount=\count301
\c@bookmark@seq@number=\count302

(C:\Users\ResTIC55\AppData\Local\Programs\MiKTeX\tex/latex/rerunfilecheck\rerun
filecheck.sty
Package: rerunfilecheck 2025-06-21 v1.11 Rerun checks for auxiliary files (HO)

(C:\Users\ResTIC55\AppData\Local\Programs\MiKTeX\tex/generic/uniquecounter\uniq
uecounter.sty
Package: uniquecounter 2019/12/15 v1.4 Provide unlimited unique counter (HO)
)
Package uniquecounter Info: New unique counter `rerunfilecheck' on input line 2
84.
)
\Hy@SectionHShift=\skip55
)
(C:\Users\ResTIC55\AppData\Local\Programs\MiKTeX\tex/latex/changepage\changepag
e.sty
Package: changepage 2009/10/20 v1.0c check page and change page layout
\c@cp@cntr=\count303
\cp@tempcnt=\count304
)
(C:\Users\ResTIC55\AppData\Local\Programs\MiKTeX\tex/latex/base\fontenc.sty
Package: fontenc 2025/07/18 v2.1d Standard LaTeX package
)
(C:\Users\ResTIC55\AppData\Local\Programs\MiKTeX\tex/latex/caption\caption.sty
Package: caption 2023/08/05 v3.6o Customizing captions (AR)

(C:\Users\ResTIC55\AppData\Local\Programs\MiKTeX\tex/latex/caption\caption3.sty
Package: caption3 2023/07/31 v2.4d caption3 kernel (AR)
\caption@tempdima=\dimen167
\captionmargin=\dimen168
\caption@leftmargin=\dimen169
\caption@rightmargin=\dimen170
\caption@width=\dimen171
\caption@indent=\dimen172
\caption@parindent=\dimen173
\caption@hangindent=\dimen174
Package caption Info: Standard document class detected.
)
\c@caption@flags=\count305
\c@continuedfloat=\count306
Package caption Info: changepage package is loaded.
\caption@adjustwidth@hsize=\dimen175
\caption@adjustwidth@linewidth=\dimen176
Package caption Info: hyperref package is loaded.
)
\c@ei@authorcount=\count307
\c@ei@advisorcount=\count308
\c@ei@coadvisorcount=\count309
\c@ei@collaboratorcount=\count310
\c@kwcounter=\count311
\c@kwcountereng=\count312
\titlepagewinwidth=\skip56
\titlepagewinheight=\skip57
\titlepagewinvoffset=\skip58
\ei@chapnumindent=\skip59
)
(C:\Users\ResTIC55\AppData\Local\Programs\MiKTeX\tex/latex/base\inputenc.sty
Package: inputenc 2024/02/08 v1.3d Input encoding file
\inpenc@prehook=\toks20
\inpenc@posthook=\toks21
)
(C:\Users\ResTIC55\AppData\Local\Programs\MiKTeX\tex/latex/graphics\graphicx.st
y
Package: graphicx 2024/12/31 v1.2e Enhanced LaTeX Graphics (DPC,SPQR)

(C:\Users\ResTIC55\AppData\Local\Programs\MiKTeX\tex/latex/graphics\graphics.st
y
Package: graphics 2024/08/06 v1.4g Standard LaTeX Graphics (DPC,SPQR)
 (C:\Users\ResTIC55\AppData\Local\Programs\MiKTeX\tex/latex/graphics\trig.sty
Package: trig 2023/12/02 v1.11 sin cos tan (DPC)
)
(C:\Users\ResTIC55\AppData\Local\Programs\MiKTeX\tex/latex/graphics-cfg\graphic
s.cfg
File: graphics.cfg 2016/06/04 v1.11 sample graphics configuration
)
Package graphics Info: Driver file: pdftex.def on input line 106.
)
\Gin@req@height=\dimen177
\Gin@req@width=\dimen178
)
(C:\Users\ResTIC55\AppData\Local\Programs\MiKTeX\tex/latex/base\fontenc.sty
Package: fontenc 2025/07/18 v2.1d Standard LaTeX package
LaTeX Font Info:    Trying to load font information for T1+phv on input line 11
6.

(C:\Users\ResTIC55\AppData\Local\Programs\MiKTeX\tex/latex/psnfss\t1phv.fd
File: t1phv.fd 2020/03/25 scalable font definitions for T1/phv.
))
(C:\Users\ResTIC55\AppData\Local\Programs\MiKTeX\tex/latex/amsmath\amsmath.sty
Package: amsmath 2025/07/09 v2.17z AMS math features
\@mathmargin=\skip60

For additional information on amsmath, use the `?' option.
(C:\Users\ResTIC55\AppData\Local\Programs\MiKTeX\tex/latex/amsmath\amstext.sty
Package: amstext 2024/11/17 v2.01 AMS text

(C:\Users\ResTIC55\AppData\Local\Programs\MiKTeX\tex/latex/amsmath\amsgen.sty
File: amsgen.sty 1999/11/30 v2.0 generic functions
\@emptytoks=\toks22
\ex@=\dimen179
)) (C:\Users\ResTIC55\AppData\Local\Programs\MiKTeX\tex/latex/amsmath\amsbsy.st
y
Package: amsbsy 1999/11/29 v1.2d Bold Symbols
\pmbraise@=\dimen180
) (C:\Users\ResTIC55\AppData\Local\Programs\MiKTeX\tex/latex/amsmath\amsopn.sty
Package: amsopn 2022/04/08 v2.04 operator names
)
\inf@bad=\count313
LaTeX Info: Redefining \frac on input line 233.
\uproot@=\count314
\leftroot@=\count315
LaTeX Info: Redefining \overline on input line 398.
LaTeX Info: Redefining \colon on input line 409.
\classnum@=\count316
\DOTSCASE@=\count317
LaTeX Info: Redefining \ldots on input line 495.
LaTeX Info: Redefining \dots on input line 498.
LaTeX Info: Redefining \cdots on input line 619.
\Mathstrutbox@=\box54
\strutbox@=\box55
LaTeX Info: Redefining \big on input line 721.
LaTeX Info: Redefining \Big on input line 722.
LaTeX Info: Redefining \bigg on input line 723.
LaTeX Info: Redefining \Bigg on input line 724.
\big@size=\dimen181
LaTeX Font Info:    Redeclaring font encoding OML on input line 742.
LaTeX Font Info:    Redeclaring font encoding OMS on input line 743.
\macc@depth=\count318
LaTeX Info: Redefining \bmod on input line 904.
LaTeX Info: Redefining \pmod on input line 909.
LaTeX Info: Redefining \smash on input line 939.
LaTeX Info: Redefining \relbar on input line 969.
LaTeX Info: Redefining \Relbar on input line 970.
\c@MaxMatrixCols=\count319
\dotsspace@=\muskip18
\c@parentequation=\count320
\dspbrk@lvl=\count321
\tag@help=\toks23
\row@=\count322
\column@=\count323
\maxfields@=\count324
\andhelp@=\toks24
\eqnshift@=\dimen182
\alignsep@=\dimen183
\tagshift@=\dimen184
\tagwidth@=\dimen185
\totwidth@=\dimen186
\lineht@=\dimen187
\@envbody=\toks25
\multlinegap=\skip61
\multlinetaggap=\skip62
\mathdisplay@stack=\toks26
LaTeX Info: Redefining \[ on input line 2950.
LaTeX Info: Redefining \] on input line 2951.
)
(C:\Users\ResTIC55\AppData\Local\Programs\MiKTeX\tex/latex/pgfplots\pgfplots.st
y
(C:\Users\ResTIC55\AppData\Local\Programs\MiKTeX\tex/generic/pgfplots\pgfplots.
revision.tex)
Package: pgfplots 2021/05/15 v1.18.1 Data Visualization (1.18.1)

(C:\Users\ResTIC55\AppData\Local\Programs\MiKTeX\tex/latex/pgf/frontendlayer\ti
kz.sty
(C:\Users\ResTIC55\AppData\Local\Programs\MiKTeX\tex/latex/pgf/basiclayer\pgf.s
ty
(C:\Users\ResTIC55\AppData\Local\Programs\MiKTeX\tex/latex/pgf/utilities\pgfrcs
.sty
(C:\Users\ResTIC55\AppData\Local\Programs\MiKTeX\tex/generic/pgf/utilities\pgfu
til-common.tex
\pgfutil@everybye=\toks27
\pgfutil@tempdima=\dimen188
\pgfutil@tempdimb=\dimen189
)
(C:\Users\ResTIC55\AppData\Local\Programs\MiKTeX\tex/generic/pgf/utilities\pgfu
til-latex.def
\pgfutil@abb=\box56
)
(C:\Users\ResTIC55\AppData\Local\Programs\MiKTeX\tex/generic/pgf/utilities\pgfr
cs.code.tex
(C:\Users\ResTIC55\AppData\Local\Programs\MiKTeX\tex/generic/pgf\pgf.revision.t
ex)
Package: pgfrcs 2025-08-29 v3.1.11a (3.1.11a)
))
Package: pgf 2025-08-29 v3.1.11a (3.1.11a)

(C:\Users\ResTIC55\AppData\Local\Programs\MiKTeX\tex/latex/pgf/basiclayer\pgfco
re.sty
(C:\Users\ResTIC55\AppData\Local\Programs\MiKTeX\tex/latex/pgf/systemlayer\pgfs
ys.sty
(C:\Users\ResTIC55\AppData\Local\Programs\MiKTeX\tex/generic/pgf/systemlayer\pg
fsys.code.tex
Package: pgfsys 2025-08-29 v3.1.11a (3.1.11a)

(C:\Users\ResTIC55\AppData\Local\Programs\MiKTeX\tex/generic/pgf/utilities\pgfk
eys.code.tex
\pgfkeys@pathtoks=\toks28
\pgfkeys@temptoks=\toks29

(C:\Users\ResTIC55\AppData\Local\Programs\MiKTeX\tex/generic/pgf/utilities\pgfk
eyslibraryfiltered.code.tex
\pgfkeys@tmptoks=\toks30
))
\pgf@x=\dimen190
\pgf@y=\dimen191
\pgf@xa=\dimen192
\pgf@ya=\dimen193
\pgf@xb=\dimen194
\pgf@yb=\dimen195
\pgf@xc=\dimen196
\pgf@yc=\dimen197
\pgf@xd=\dimen198
\pgf@yd=\dimen199
\w@pgf@writea=\write3
\r@pgf@reada=\read3
\c@pgf@counta=\count325
\c@pgf@countb=\count326
\c@pgf@countc=\count327
\c@pgf@countd=\count328
\t@pgf@toka=\toks31
\t@pgf@tokb=\toks32
\t@pgf@tokc=\toks33
\pgf@sys@id@count=\count329

(C:\Users\ResTIC55\AppData\Local\Programs\MiKTeX\tex/generic/pgf/systemlayer\pg
f.cfg
File: pgf.cfg 2025-08-29 v3.1.11a (3.1.11a)
)
Driver file for pgf: pgfsys-pdftex.def

(C:\Users\ResTIC55\AppData\Local\Programs\MiKTeX\tex/generic/pgf/systemlayer\pg
fsys-pdftex.def
File: pgfsys-pdftex.def 2025-08-29 v3.1.11a (3.1.11a)

(C:\Users\ResTIC55\AppData\Local\Programs\MiKTeX\tex/generic/pgf/systemlayer\pg
fsys-common-pdf.def
File: pgfsys-common-pdf.def 2025-08-29 v3.1.11a (3.1.11a)
)))
(C:\Users\ResTIC55\AppData\Local\Programs\MiKTeX\tex/generic/pgf/systemlayer\pg
fsyssoftpath.code.tex
File: pgfsyssoftpath.code.tex 2025-08-29 v3.1.11a (3.1.11a)
\pgfsyssoftpath@smallbuffer@items=\count330
\pgfsyssoftpath@bigbuffer@items=\count331
)
(C:\Users\ResTIC55\AppData\Local\Programs\MiKTeX\tex/generic/pgf/systemlayer\pg
fsysprotocol.code.tex
File: pgfsysprotocol.code.tex 2025-08-29 v3.1.11a (3.1.11a)
))
(C:\Users\ResTIC55\AppData\Local\Programs\MiKTeX\tex/latex/xcolor\xcolor.sty
Package: xcolor 2024/09/29 v3.02 LaTeX color extensions (UK)

(C:\Users\ResTIC55\AppData\Local\Programs\MiKTeX\tex/latex/graphics-cfg\color.c
fg
File: color.cfg 2016/01/02 v1.6 sample color configuration
)
Package xcolor Info: Driver file: pdftex.def on input line 274.
LaTeX Info: Redefining \color on input line 762.

(C:\Users\ResTIC55\AppData\Local\Programs\MiKTeX\tex/latex/graphics\mathcolor.l
tx)
Package xcolor Info: Model `cmy' substituted by `cmy0' on input line 1349.
Package xcolor Info: Model `hsb' substituted by `rgb' on input line 1353.
Package xcolor Info: Model `RGB' extended on input line 1365.
Package xcolor Info: Model `HTML' substituted by `rgb' on input line 1367.
Package xcolor Info: Model `Hsb' substituted by `hsb' on input line 1368.
Package xcolor Info: Model `tHsb' substituted by `hsb' on input line 1369.
Package xcolor Info: Model `HSB' substituted by `hsb' on input line 1370.
Package xcolor Info: Model `Gray' substituted by `gray' on input line 1371.
Package xcolor Info: Model `wave' substituted by `hsb' on input line 1372.
)
(C:\Users\ResTIC55\AppData\Local\Programs\MiKTeX\tex/generic/pgf/basiclayer\pgf
core.code.tex
Package: pgfcore 2025-08-29 v3.1.11a (3.1.11a)

(C:\Users\ResTIC55\AppData\Local\Programs\MiKTeX\tex/generic/pgf/math\pgfmath.c
ode.tex
(C:\Users\ResTIC55\AppData\Local\Programs\MiKTeX\tex/generic/pgf/math\pgfmathut
il.code.tex)
(C:\Users\ResTIC55\AppData\Local\Programs\MiKTeX\tex/generic/pgf/math\pgfmathpa
rser.code.tex
\pgfmath@dimen=\dimen256
\pgfmath@count=\count332
\pgfmath@box=\box57
\pgfmath@toks=\toks34
\pgfmath@stack@operand=\toks35
\pgfmath@stack@operation=\toks36
)
(C:\Users\ResTIC55\AppData\Local\Programs\MiKTeX\tex/generic/pgf/math\pgfmathfu
nctions.code.tex)
(C:\Users\ResTIC55\AppData\Local\Programs\MiKTeX\tex/generic/pgf/math\pgfmathfu
nctions.basic.code.tex)
(C:\Users\ResTIC55\AppData\Local\Programs\MiKTeX\tex/generic/pgf/math\pgfmathfu
nctions.trigonometric.code.tex)
(C:\Users\ResTIC55\AppData\Local\Programs\MiKTeX\tex/generic/pgf/math\pgfmathfu
nctions.random.code.tex)
(C:\Users\ResTIC55\AppData\Local\Programs\MiKTeX\tex/generic/pgf/math\pgfmathfu
nctions.comparison.code.tex)
(C:\Users\ResTIC55\AppData\Local\Programs\MiKTeX\tex/generic/pgf/math\pgfmathfu
nctions.base.code.tex)
(C:\Users\ResTIC55\AppData\Local\Programs\MiKTeX\tex/generic/pgf/math\pgfmathfu
nctions.round.code.tex)
(C:\Users\ResTIC55\AppData\Local\Programs\MiKTeX\tex/generic/pgf/math\pgfmathfu
nctions.misc.code.tex)
(C:\Users\ResTIC55\AppData\Local\Programs\MiKTeX\tex/generic/pgf/math\pgfmathfu
nctions.integerarithmetics.code.tex)
(C:\Users\ResTIC55\AppData\Local\Programs\MiKTeX\tex/generic/pgf/math\pgfmathca
lc.code.tex)
(C:\Users\ResTIC55\AppData\Local\Programs\MiKTeX\tex/generic/pgf/math\pgfmathfl
oat.code.tex
\c@pgfmathroundto@lastzeros=\count333
))
(C:\Users\ResTIC55\AppData\Local\Programs\MiKTeX\tex/generic/pgf/math\pgfint.co
de.tex)
(C:\Users\ResTIC55\AppData\Local\Programs\MiKTeX\tex/generic/pgf/basiclayer\pgf
corepoints.code.tex
File: pgfcorepoints.code.tex 2025-08-29 v3.1.11a (3.1.11a)
\pgf@picminx=\dimen257
\pgf@picmaxx=\dimen258
\pgf@picminy=\dimen259
\pgf@picmaxy=\dimen260
\pgf@pathminx=\dimen261
\pgf@pathmaxx=\dimen262
\pgf@pathminy=\dimen263
\pgf@pathmaxy=\dimen264
\pgf@xx=\dimen265
\pgf@xy=\dimen266
\pgf@yx=\dimen267
\pgf@yy=\dimen268
\pgf@zx=\dimen269
\pgf@zy=\dimen270
)
(C:\Users\ResTIC55\AppData\Local\Programs\MiKTeX\tex/generic/pgf/basiclayer\pgf
corepathconstruct.code.tex
File: pgfcorepathconstruct.code.tex 2025-08-29 v3.1.11a (3.1.11a)
\pgf@path@lastx=\dimen271
\pgf@path@lasty=\dimen272
)
(C:\Users\ResTIC55\AppData\Local\Programs\MiKTeX\tex/generic/pgf/basiclayer\pgf
corepathusage.code.tex
File: pgfcorepathusage.code.tex 2025-08-29 v3.1.11a (3.1.11a)
\pgf@shorten@end@additional=\dimen273
\pgf@shorten@start@additional=\dimen274
)
(C:\Users\ResTIC55\AppData\Local\Programs\MiKTeX\tex/generic/pgf/basiclayer\pgf
corescopes.code.tex
File: pgfcorescopes.code.tex 2025-08-29 v3.1.11a (3.1.11a)
\pgfpic=\box58
\pgf@hbox=\box59
\pgf@layerbox@main=\box60
\pgf@picture@serial@count=\count334
)
(C:\Users\ResTIC55\AppData\Local\Programs\MiKTeX\tex/generic/pgf/basiclayer\pgf
coregraphicstate.code.tex
File: pgfcoregraphicstate.code.tex 2025-08-29 v3.1.11a (3.1.11a)
\pgflinewidth=\dimen275
)
(C:\Users\ResTIC55\AppData\Local\Programs\MiKTeX\tex/generic/pgf/basiclayer\pgf
coretransformations.code.tex
File: pgfcoretransformations.code.tex 2025-08-29 v3.1.11a (3.1.11a)
\pgf@pt@x=\dimen276
\pgf@pt@y=\dimen277
\pgf@pt@temp=\dimen278
)
(C:\Users\ResTIC55\AppData\Local\Programs\MiKTeX\tex/generic/pgf/basiclayer\pgf
corequick.code.tex
File: pgfcorequick.code.tex 2025-08-29 v3.1.11a (3.1.11a)
)
(C:\Users\ResTIC55\AppData\Local\Programs\MiKTeX\tex/generic/pgf/basiclayer\pgf
coreobjects.code.tex
File: pgfcoreobjects.code.tex 2025-08-29 v3.1.11a (3.1.11a)
)
(C:\Users\ResTIC55\AppData\Local\Programs\MiKTeX\tex/generic/pgf/basiclayer\pgf
corepathprocessing.code.tex
File: pgfcorepathprocessing.code.tex 2025-08-29 v3.1.11a (3.1.11a)
)
(C:\Users\ResTIC55\AppData\Local\Programs\MiKTeX\tex/generic/pgf/basiclayer\pgf
corearrows.code.tex
File: pgfcorearrows.code.tex 2025-08-29 v3.1.11a (3.1.11a)
\pgfarrowsep=\dimen279
)
(C:\Users\ResTIC55\AppData\Local\Programs\MiKTeX\tex/generic/pgf/basiclayer\pgf
coreshade.code.tex
File: pgfcoreshade.code.tex 2025-08-29 v3.1.11a (3.1.11a)
\pgf@max=\dimen280
\pgf@sys@shading@range@num=\count335
\pgf@shadingcount=\count336
)
(C:\Users\ResTIC55\AppData\Local\Programs\MiKTeX\tex/generic/pgf/basiclayer\pgf
coreimage.code.tex
File: pgfcoreimage.code.tex 2025-08-29 v3.1.11a (3.1.11a)
)
(C:\Users\ResTIC55\AppData\Local\Programs\MiKTeX\tex/generic/pgf/basiclayer\pgf
coreexternal.code.tex
File: pgfcoreexternal.code.tex 2025-08-29 v3.1.11a (3.1.11a)
\pgfexternal@startupbox=\box61
)
(C:\Users\ResTIC55\AppData\Local\Programs\MiKTeX\tex/generic/pgf/basiclayer\pgf
corelayers.code.tex
File: pgfcorelayers.code.tex 2025-08-29 v3.1.11a (3.1.11a)
)
(C:\Users\ResTIC55\AppData\Local\Programs\MiKTeX\tex/generic/pgf/basiclayer\pgf
coretransparency.code.tex
File: pgfcoretransparency.code.tex 2025-08-29 v3.1.11a (3.1.11a)
)
(C:\Users\ResTIC55\AppData\Local\Programs\MiKTeX\tex/generic/pgf/basiclayer\pgf
corepatterns.code.tex
File: pgfcorepatterns.code.tex 2025-08-29 v3.1.11a (3.1.11a)
)
(C:\Users\ResTIC55\AppData\Local\Programs\MiKTeX\tex/generic/pgf/basiclayer\pgf
corerdf.code.tex
File: pgfcorerdf.code.tex 2025-08-29 v3.1.11a (3.1.11a)
)))
(C:\Users\ResTIC55\AppData\Local\Programs\MiKTeX\tex/generic/pgf/modules\pgfmod
uleshapes.code.tex
File: pgfmoduleshapes.code.tex 2025-08-29 v3.1.11a (3.1.11a)
\pgfnodeparttextbox=\box62
)
(C:\Users\ResTIC55\AppData\Local\Programs\MiKTeX\tex/generic/pgf/modules\pgfmod
uleplot.code.tex
File: pgfmoduleplot.code.tex 2025-08-29 v3.1.11a (3.1.11a)
)
(C:\Users\ResTIC55\AppData\Local\Programs\MiKTeX\tex/latex/pgf/compatibility\pg
fcomp-version-0-65.sty
Package: pgfcomp-version-0-65 2025-08-29 v3.1.11a (3.1.11a)
\pgf@nodesepstart=\dimen281
\pgf@nodesepend=\dimen282
)
(C:\Users\ResTIC55\AppData\Local\Programs\MiKTeX\tex/latex/pgf/compatibility\pg
fcomp-version-1-18.sty
Package: pgfcomp-version-1-18 2025-08-29 v3.1.11a (3.1.11a)
))
(C:\Users\ResTIC55\AppData\Local\Programs\MiKTeX\tex/latex/pgf/utilities\pgffor
.sty
(C:\Users\ResTIC55\AppData\Local\Programs\MiKTeX\tex/latex/pgf/utilities\pgfkey
s.sty
(C:\Users\ResTIC55\AppData\Local\Programs\MiKTeX\tex/generic/pgf/utilities\pgfk
eys.code.tex))
(C:\Users\ResTIC55\AppData\Local\Programs\MiKTeX\tex/latex/pgf/math\pgfmath.sty

(C:\Users\ResTIC55\AppData\Local\Programs\MiKTeX\tex/generic/pgf/math\pgfmath.c
ode.tex))
(C:\Users\ResTIC55\AppData\Local\Programs\MiKTeX\tex/generic/pgf/utilities\pgff
or.code.tex
Package: pgffor 2025-08-29 v3.1.11a (3.1.11a)
\pgffor@iter=\dimen283
\pgffor@skip=\dimen284
\pgffor@stack=\toks37
\pgffor@toks=\toks38
))
(C:\Users\ResTIC55\AppData\Local\Programs\MiKTeX\tex/generic/pgf/frontendlayer/
tikz\tikz.code.tex
Package: tikz 2025-08-29 v3.1.11a (3.1.11a)

(C:\Users\ResTIC55\AppData\Local\Programs\MiKTeX\tex/generic/pgf/libraries\pgfl
ibraryplothandlers.code.tex
File: pgflibraryplothandlers.code.tex 2025-08-29 v3.1.11a (3.1.11a)
\pgf@plot@mark@count=\count337
\pgfplotmarksize=\dimen285
)
\tikz@lastx=\dimen286
\tikz@lasty=\dimen287
\tikz@lastxsaved=\dimen288
\tikz@lastysaved=\dimen289
\tikz@lastmovetox=\dimen290
\tikz@lastmovetoy=\dimen291
\tikzleveldistance=\dimen292
\tikzsiblingdistance=\dimen293
\tikz@figbox=\box63
\tikz@figbox@bg=\box64
\tikz@tempbox=\box65
\tikz@tempbox@bg=\box66
\tikztreelevel=\count338
\tikznumberofchildren=\count339
\tikznumberofcurrentchild=\count340
\tikz@fig@count=\count341

(C:\Users\ResTIC55\AppData\Local\Programs\MiKTeX\tex/generic/pgf/modules\pgfmod
ulematrix.code.tex
File: pgfmodulematrix.code.tex 2025-08-29 v3.1.11a (3.1.11a)
\pgfmatrixcurrentrow=\count342
\pgfmatrixcurrentcolumn=\count343
\pgf@matrix@numberofcolumns=\count344
)
\tikz@expandcount=\count345

(C:\Users\ResTIC55\AppData\Local\Programs\MiKTeX\tex/generic/pgf/frontendlayer/
tikz/libraries\tikzlibrarytopaths.code.tex
File: tikzlibrarytopaths.code.tex 2025-08-29 v3.1.11a (3.1.11a)
)))
(C:\Users\ResTIC55\AppData\Local\Programs\MiKTeX\tex/generic/pgfplots\pgfplots.
code.tex
(C:\Users\ResTIC55\AppData\Local\Programs\MiKTeX\tex/generic/pgfplots\pgfplotsc
ore.code.tex
\t@pgfplots@toka=\toks39
\t@pgfplots@tokb=\toks40
\t@pgfplots@tokc=\toks41
\pgfplots@tmpa=\dimen294
\c@pgfplots@coordindex=\count346
\c@pgfplots@scanlineindex=\count347

(C:\Users\ResTIC55\AppData\Local\Programs\MiKTeX\tex/generic/pgfplots/sys\pgfpl
otssysgeneric.code.tex))
(C:\Users\ResTIC55\AppData\Local\Programs\MiKTeX\tex/generic/pgfplots/libs\pgfp
lotslibrary.code.tex)
(C:\Users\ResTIC55\AppData\Local\Programs\MiKTeX\tex/generic/pgfplots/oldpgfcom
patib\pgfplotsoldpgfsupp_loader.code.tex
(C:\Users\ResTIC55\AppData\Local\Programs\MiKTeX\tex/generic/pgf/libraries\pgfl
ibraryfpu.code.tex)
Package pgfplots: loading complementary utilities for your pgf version...
\t@pgf@toka=\toks42
\t@pgf@tokb=\toks43
\t@pgf@tokc=\toks44

(C:\Users\ResTIC55\AppData\Local\Programs\MiKTeX\tex/generic/pgfplots/oldpgfcom
patib\pgfplotsoldpgfsupp_pgfutil-common-lists.tex))
(C:\Users\ResTIC55\AppData\Local\Programs\MiKTeX\tex/generic/pgfplots/util\pgfp
lotsutil.code.tex
(C:\Users\ResTIC55\AppData\Local\Programs\MiKTeX\tex/generic/pgfplots/liststruc
ture\pgfplotsliststructure.code.tex)
(C:\Users\ResTIC55\AppData\Local\Programs\MiKTeX\tex/generic/pgfplots/liststruc
ture\pgfplotsliststructureext.code.tex)
(C:\Users\ResTIC55\AppData\Local\Programs\MiKTeX\tex/generic/pgfplots/liststruc
ture\pgfplotsarray.code.tex
\c@pgfplotsarray@tmp=\count348
)
(C:\Users\ResTIC55\AppData\Local\Programs\MiKTeX\tex/generic/pgfplots/liststruc
ture\pgfplotsmatrix.code.tex)
(C:\Users\ResTIC55\AppData\Local\Programs\MiKTeX\tex/generic/pgfplots/numtable\
pgfplotstableshared.code.tex
\c@pgfplotstable@counta=\count349
\t@pgfplotstable@a=\toks45
)
(C:\Users\ResTIC55\AppData\Local\Programs\MiKTeX\tex/generic/pgfplots/liststruc
ture\pgfplotsdeque.code.tex)
(C:\Users\ResTIC55\AppData\Local\Programs\MiKTeX\tex/generic/pgfplots/util\pgfp
lotsbinary.code.tex
(C:\Users\ResTIC55\AppData\Local\Programs\MiKTeX\tex/generic/pgfplots/util\pgfp
lotsbinary.data.code.tex))
(C:\Users\ResTIC55\AppData\Local\Programs\MiKTeX\tex/generic/pgfplots/util\pgfp
lotsutil.verb.code.tex)
(C:\Users\ResTIC55\AppData\Local\Programs\MiKTeX\tex/generic/pgfplots/libs\pgfl
ibrarypgfplots.surfshading.code.tex
\c@pgfplotslibrarysurf@no=\count350

(C:\Users\ResTIC55\AppData\Local\Programs\MiKTeX\tex/generic/pgfplots/sys\pgfli
brarypgfplots.surfshading.pgfsys-pdftex.def)))
(C:\Users\ResTIC55\AppData\Local\Programs\MiKTeX\tex/generic/pgfplots/util\pgfp
lotscolormap.code.tex
(C:\Users\ResTIC55\AppData\Local\Programs\MiKTeX\tex/generic/pgfplots/util\pgfp
lotscolor.code.tex))
(C:\Users\ResTIC55\AppData\Local\Programs\MiKTeX\tex/generic/pgfplots\pgfplotss
tackedplots.code.tex)
(C:\Users\ResTIC55\AppData\Local\Programs\MiKTeX\tex/generic/pgfplots\pgfplotsp
lothandlers.code.tex
(C:\Users\ResTIC55\AppData\Local\Programs\MiKTeX\tex/generic/pgfplots\pgfplotsm
eshplothandler.code.tex
(C:\Users\ResTIC55\AppData\Local\Programs\MiKTeX\tex/generic/pgfplots\pgfplotsm
eshplotimage.code.tex)))
(C:\Users\ResTIC55\AppData\Local\Programs\MiKTeX\tex/generic/pgfplots\pgfplots.
scaling.code.tex)
(C:\Users\ResTIC55\AppData\Local\Programs\MiKTeX\tex/generic/pgfplots\pgfplotsc
oordprocessing.code.tex)
(C:\Users\ResTIC55\AppData\Local\Programs\MiKTeX\tex/generic/pgfplots\pgfplots.
errorbars.code.tex)
(C:\Users\ResTIC55\AppData\Local\Programs\MiKTeX\tex/generic/pgfplots\pgfplots.
markers.code.tex)
(C:\Users\ResTIC55\AppData\Local\Programs\MiKTeX\tex/generic/pgfplots\pgfplotst
icks.code.tex)
(C:\Users\ResTIC55\AppData\Local\Programs\MiKTeX\tex/generic/pgfplots\pgfplots.
paths.code.tex)
(C:\Users\ResTIC55\AppData\Local\Programs\MiKTeX\tex/generic/pgf/frontendlayer/
tikz/libraries\tikzlibrarydecorations.code.tex
(C:\Users\ResTIC55\AppData\Local\Programs\MiKTeX\tex/generic/pgf/modules\pgfmod
uledecorations.code.tex
\pgfdecoratedcompleteddistance=\dimen295
\pgfdecoratedremainingdistance=\dimen296
\pgfdecoratedinputsegmentcompleteddistance=\dimen297
\pgfdecoratedinputsegmentremainingdistance=\dimen298
\pgf@decorate@distancetomove=\dimen299
\pgf@decorate@repeatstate=\count351
\pgfdecorationsegmentamplitude=\dimen300
\pgfdecorationsegmentlength=\dimen301
)
\tikz@lib@dec@box=\box67
)
(C:\Users\ResTIC55\AppData\Local\Programs\MiKTeX\tex/generic/pgf/frontendlayer/
tikz/libraries\tikzlibrarydecorations.pathmorphing.code.tex
(C:\Users\ResTIC55\AppData\Local\Programs\MiKTeX\tex/generic/pgf/libraries/deco
rations\pgflibrarydecorations.pathmorphing.code.tex))
(C:\Users\ResTIC55\AppData\Local\Programs\MiKTeX\tex/generic/pgf/frontendlayer/
tikz/libraries\tikzlibrarydecorations.pathreplacing.code.tex
(C:\Users\ResTIC55\AppData\Local\Programs\MiKTeX\tex/generic/pgf/libraries/deco
rations\pgflibrarydecorations.pathreplacing.code.tex))
(C:\Users\ResTIC55\AppData\Local\Programs\MiKTeX\tex/generic/pgfplots/libs\tikz
librarypgfplots.contourlua.code.tex)
\pgfplots@numplots=\count352
\pgfplots@xmin@reg=\dimen302
\pgfplots@xmax@reg=\dimen303
\pgfplots@ymin@reg=\dimen304
\pgfplots@ymax@reg=\dimen305
\pgfplots@zmin@reg=\dimen306
\pgfplots@zmax@reg=\dimen307
)
(C:\Users\ResTIC55\AppData\Local\Programs\MiKTeX\tex/generic/pgf/frontendlayer/
tikz/libraries\tikzlibraryplotmarks.code.tex
File: tikzlibraryplotmarks.code.tex 2025-08-29 v3.1.11a (3.1.11a)

(C:\Users\ResTIC55\AppData\Local\Programs\MiKTeX\tex/generic/pgf/libraries\pgfl
ibraryplotmarks.code.tex
File: pgflibraryplotmarks.code.tex 2025-08-29 v3.1.11a (3.1.11a)
)))
(C:\Users\ResTIC55\AppData\Local\Programs\MiKTeX\tex/generic/pgf/frontendlayer/
tikz/libraries\tikzlibrarypositioning.code.tex
File: tikzlibrarypositioning.code.tex 2025-08-29 v3.1.11a (3.1.11a)
)
(C:\Users\ResTIC55\AppData\Local\Programs\MiKTeX\tex/generic/pgf/libraries\pgfl
ibraryarrows.meta.code.tex
File: pgflibraryarrows.meta.code.tex 2025-08-29 v3.1.11a (3.1.11a)
\pgfarrowinset=\dimen308
\pgfarrowlength=\dimen309
\pgfarrowwidth=\dimen310
\pgfarrowlinewidth=\dimen311
)
(C:\Users\ResTIC55\AppData\Local\Programs\MiKTeX\tex/latex/booktabs\booktabs.st
y
Package: booktabs 2020/01/12 v1.61803398 Publication quality tables
\heavyrulewidth=\dimen312
\lightrulewidth=\dimen313
\cmidrulewidth=\dimen314
\belowrulesep=\dimen315
\belowbottomsep=\dimen316
\aboverulesep=\dimen317
\abovetopsep=\dimen318
\cmidrulesep=\dimen319
\cmidrulekern=\dimen320
\defaultaddspace=\dimen321
\@cmidla=\count353
\@cmidlb=\count354
\@aboverulesep=\dimen322
\@belowrulesep=\dimen323
\@thisruleclass=\count355
\@lastruleclass=\count356
\@thisrulewidth=\dimen324
)
(C:\Users\ResTIC55\AppData\Local\Programs\MiKTeX\tex/latex/pgfplots\pgfplotstab
le.sty
(C:\Users\ResTIC55\AppData\Local\Programs\MiKTeX\tex/generic/pgfplots\pgfplots.
revision.tex)
Package: pgfplotstable 2021/05/15 v1.18.1 Table typesetting and Pretty-printing
 (1.18.1)

(C:\Users\ResTIC55\AppData\Local\Programs\MiKTeX\tex/generic/pgfplots/numtable\
pgfplotstable.code.tex
(C:\Users\ResTIC55\AppData\Local\Programs\MiKTeX\tex/generic/pgfplots/numtable\
pgfplotstable.coltype.code.tex))
(C:\Users\ResTIC55\AppData\Local\Programs\MiKTeX\tex/latex/tools\array.sty
Package: array 2025/09/25 v2.6n Tabular extension package (FMi)
\col@sep=\dimen325
\ar@mcellbox=\box68
\extrarowheight=\dimen326
\NC@list=\toks46
\extratabsurround=\skip63
\backup@length=\skip64
\ar@cellbox=\box69
))
(C:\Users\ResTIC55\AppData\Local\Programs\MiKTeX\tex/latex/amsfonts\amssymb.sty
Package: amssymb 2013/01/14 v3.01 AMS font symbols

(C:\Users\ResTIC55\AppData\Local\Programs\MiKTeX\tex/latex/amsfonts\amsfonts.st
y
Package: amsfonts 2013/01/14 v3.01 Basic AMSFonts support
\symAMSa=\mathgroup4
\symAMSb=\mathgroup5
LaTeX Font Info:    Redeclaring math symbol \hbar on input line 98.
LaTeX Font Info:    Overwriting math alphabet `\mathfrak' in version `bold'
(Font)                  U/euf/m/n --> U/euf/b/n on input line 106.
))
Package hyperref Info: Option `unicode' set `true' on input line 21.

(C:\Users\ResTIC55\AppData\Local\Programs\MiKTeX\tex/latex/l3backend\l3backend-
pdftex.def
File: l3backend-pdftex.def 2025-10-09 L3 backend support: PDF output (pdfTeX)
\l__color_backend_stack_int=\count357
) (exemplo-tcc.aux
Package babel Info: 'brazilian' activates 'portuges' shorthands.
(babel)             Reported on input line 8.
)
\openout1 = `exemplo-tcc.aux'.

LaTeX Font Info:    Checking defaults for OML/cmm/m/it on input line 53.
LaTeX Font Info:    ... okay on input line 53.
LaTeX Font Info:    Checking defaults for OMS/cmsy/m/n on input line 53.
LaTeX Font Info:    ... okay on input line 53.
LaTeX Font Info:    Checking defaults for OT1/cmr/m/n on input line 53.
LaTeX Font Info:    ... okay on input line 53.
LaTeX Font Info:    Checking defaults for T1/cmr/m/n on input line 53.
LaTeX Font Info:    ... okay on input line 53.
LaTeX Font Info:    Checking defaults for TS1/cmr/m/n on input line 53.
LaTeX Font Info:    ... okay on input line 53.
LaTeX Font Info:    Checking defaults for OMX/cmex/m/n on input line 53.
LaTeX Font Info:    ... okay on input line 53.
LaTeX Font Info:    Checking defaults for U/cmr/m/n on input line 53.
LaTeX Font Info:    ... okay on input line 53.
LaTeX Font Info:    Checking defaults for PD1/pdf/m/n on input line 53.
LaTeX Font Info:    ... okay on input line 53.
LaTeX Font Info:    Checking defaults for PU/pdf/m/n on input line 53.
LaTeX Font Info:    ... okay on input line 53.

(C:\Users\ResTIC55\AppData\Local\Programs\MiKTeX\tex/context/base/mkii\supp-pdf
.mkii
[Loading MPS to PDF converter (version 2006.09.02).]
\scratchcounter=\count358
\scratchdimen=\dimen327
\scratchbox=\box70
\nofMPsegments=\count359
\nofMParguments=\count360
\everyMPshowfont=\toks47
\MPscratchCnt=\count361
\MPscratchDim=\dimen328
\MPnumerator=\count362
\makeMPintoPDFobject=\count363
\everyMPtoPDFconversion=\toks48
)
(C:\Users\ResTIC55\AppData\Local\Programs\MiKTeX\tex/latex/epstopdf-pkg\epstopd
f-base.sty
Package: epstopdf-base 2020-01-24 v2.11 Base part for package epstopdf
Package epstopdf-base Info: Redefining graphics rule for `.eps' on input line 4
85.

(C:\Users\ResTIC55\AppData\Local\Programs\MiKTeX\tex/latex/00miktex\epstopdf-sy
s.cfg
File: epstopdf-sys.cfg 2021/03/18 v2.0 Configuration of epstopdf for MiKTeX
))
*geometry* driver: auto-detecting
*geometry* detected driver: pdftex
*geometry* verbose mode - [ preamble ] result:
* driver: pdftex
* paper: <default>
* layout: <same size as paper>
* layoutoffset:(h,v)=(0.0pt,0.0pt)
* modes: 
* h-part:(L,W,R)=(85.35826pt, 455.24411pt, 56.9055pt)
* v-part:(T,H,B)=(85.35826pt, 702.78308pt, 56.9055pt)
* \paperwidth=597.50787pt
* \paperheight=845.04684pt
* \textwidth=455.24411pt
* \textheight=702.78308pt
* \oddsidemargin=13.08827pt
* \evensidemargin=13.08827pt
* \topmargin=-23.91173pt
* \headheight=12.0pt
* \headsep=25.0pt
* \topskip=12.0pt
* \footskip=30.0pt
* \marginparwidth=35.0pt
* \marginparsep=10.0pt
* \columnsep=10.0pt
* \skip\footins=10.8pt plus 4.0pt minus 2.0pt
* \hoffset=0.0pt
* \voffset=0.0pt
* \mag=1000
* \@twocolumnfalse
* \@twosidefalse
* \@mparswitchfalse
* \@reversemarginfalse
* (1in=72.27pt=25.4mm, 1cm=28.453pt)

Package hyperref Info: Link coloring OFF on input line 53.
(exemplo-tcc.out) (exemplo-tcc.out)
\@outlinefile=\write4
\openout4 = `exemplo-tcc.out'.

Package caption Info: Begin \AtBeginDocument code.
Package caption Info: End \AtBeginDocument code.

Package pgfplots notification 'compat/show suggested version=true': document ha
s been generated with the most recent feature set (\pgfplotsset{compat=1.18}).

<ufpelw.pdf, id=1057, 258.96838pt x 261.97874pt>
File: ufpelw.pdf Graphic file (type pdf)
<use ufpelw.pdf>
Package pdftex.def Info: ufpelw.pdf  used on input line 58.
(pdftex.def)             Requested size: 85.35826pt x 86.34932pt.
[1

{C:/Users/ResTIC55/AppData/Local/MiKTeX/fonts/map/pdftex/pdftex.map}{C:/Users/R
esTIC55/AppData/Local/Programs/MiKTeX/fonts/enc/dvips/base/8r.enc} <./ufpelw.pd
f>]
LaTeX Font Info:    Trying to load font information for U+msa on input line 58.


(C:\Users\ResTIC55\AppData\Local\Programs\MiKTeX\tex/latex/amsfonts\umsa.fd
File: umsa.fd 2013/01/14 v3.01 AMS symbols A
)
LaTeX Font Info:    Trying to load font information for U+msb on input line 58.


(C:\Users\ResTIC55\AppData\Local\Programs\MiKTeX\tex/latex/amsfonts\umsb.fd
File: umsb.fd 2013/01/14 v3.01 AMS symbols B
)
[2] [3


] [4

] [5

] [6

]
LaTeX Font Info:    Font shape `T1/phv/m/it' in size <12> not available
(Font)              Font shape `T1/phv/m/sl' tried instead on input line 96.
LaTeX Font Info:    Font shape `T1/phv/m/it' in size <10.95> not available
(Font)              Font shape `T1/phv/m/sl' tried instead on input line 96.
 [7

]
Underfull \hbox (badness 10000) in paragraph at lines 102--104

 []

[8

]
Underfull \hbox (badness 10000) in paragraph at lines 110--111
\T1/phv/m/n/12 Palavras-chave: palavrachave-um; palavrachave-dois; palavrachave
-tres;
 []

[9]
Underfull \hbox (badness 1264) in paragraph at lines 113--115
\T1/phv/b/n/12 Clas-si-fi-ca-tion and Seg-men-ta-tion of Breast Le-sions in Ul-
tra-sound Im-ages\T1/phv/m/n/12 .
 []


Underfull \hbox (badness 10000) in paragraph at lines 113--115

 []

[10


] (exemplo-tcc.lof
Overfull \hbox (1.41573pt too wide) detected at line 16
 [][]\T1/phv/m/n/12 133[]
 []


Overfull \hbox (1.41573pt too wide) detected at line 17
 [][]\T1/phv/m/n/12 134[]
 []

)
\tf@lof=\write5
\openout5 = `exemplo-tcc.lof'.

 [11

] (exemplo-tcc.lot
Overfull \hbox (1.41573pt too wide) detected at line 14
 [][]\T1/phv/m/n/12 133[]
 []


Overfull \hbox (1.41573pt too wide) detected at line 15
 [][]\T1/phv/m/n/12 134[]
 []


Overfull \hbox (1.41573pt too wide) detected at line 16
 [][]\T1/phv/m/n/12 137[]
 []


Overfull \hbox (1.41573pt too wide) detected at line 17
 [][]\T1/phv/m/n/12 138[]
 []


Overfull \hbox (1.41573pt too wide) detected at line 18
 [][]\T1/phv/m/n/12 140[]
 []


Overfull \hbox (1.41573pt too wide) detected at line 19
 [][]\T1/phv/m/n/12 143[]
 []


Overfull \hbox (1.41573pt too wide) detected at line 20
 [][]\T1/phv/m/n/12 148[]
 []


Overfull \hbox (1.41573pt too wide) detected at line 21
 [][]\T1/phv/m/n/12 152[]
 []


Overfull \hbox (1.41573pt too wide) detected at line 22
 [][]\T1/phv/m/n/12 156[]
 []


Overfull \hbox (1.41573pt too wide) detected at line 23
 [][]\T1/phv/m/n/12 157[]
 []


Overfull \hbox (1.41573pt too wide) detected at line 24
 [][]\T1/phv/m/n/12 158[]
 []


Overfull \hbox (1.41573pt too wide) detected at line 25
 [][]\T1/phv/m/n/12 159[]
 []


Overfull \hbox (1.41573pt too wide) detected at line 26
 [][]\T1/phv/m/n/12 159[]
 []


Overfull \hbox (1.41573pt too wide) detected at line 28
 [][]\T1/phv/m/n/12 161[]
 []


Overfull \hbox (1.41573pt too wide) detected at line 29
 [][]\T1/phv/m/n/12 161[]
 []


Overfull \hbox (1.41573pt too wide) detected at line 30
 [][]\T1/phv/m/n/12 162[]
 []


Overfull \hbox (1.41573pt too wide) detected at line 31
 [][]\T1/phv/m/n/12 163[]
 []


Overfull \hbox (1.41573pt too wide) detected at line 32
 [][]\T1/phv/m/n/12 164[]
 []


Overfull \hbox (1.41573pt too wide) detected at line 33
 [][]\T1/phv/m/n/12 165[]
 []


Overfull \hbox (1.41573pt too wide) detected at line 34
 [][]\T1/phv/m/n/12 165[]
 []


Overfull \hbox (1.41573pt too wide) detected at line 35
 [][]\T1/phv/m/n/12 166[]
 []


Overfull \hbox (1.41573pt too wide) detected at line 37
 [][]\T1/phv/m/n/12 181[]
 []


Overfull \hbox (1.41573pt too wide) detected at line 38
 [][]\T1/phv/m/n/12 182[]
 []


Overfull \hbox (1.41573pt too wide) detected at line 39
 [][]\T1/phv/m/n/12 189[]
 []


Overfull \hbox (1.41573pt too wide) detected at line 40
 [][]\T1/phv/m/n/12 189[]
 []

)
\tf@lot=\write6
\openout6 = `exemplo-tcc.lot'.

 [12

] [13] [14

] (exemplo-tcc.toc
Underfull \hbox (badness 10000) in paragraph at lines 4--4
 []  
 []


Underfull \hbox (badness 10000) in paragraph at lines 30--30
 []  
 []

[15

]
Overfull \hbox (1.41573pt too wide) detected at line 83
 [][]\T1/phv/m/n/12 105[]
 []


Overfull \hbox (1.41573pt too wide) detected at line 84
 [][]\T1/phv/m/n/12 107[]
 []


Overfull \hbox (1.41573pt too wide) detected at line 85
 [][]\T1/phv/m/n/12 109[]
 []


Overfull \hbox (1.41573pt too wide) detected at line 86
 [][]\T1/phv/m/n/12 110[]
 []


Overfull \hbox (1.41573pt too wide) detected at line 88
 [][]\T1/phv/m/n/12 112[]
 []


Overfull \hbox (1.41573pt too wide) detected at line 89
 [][]\T1/phv/m/n/12 114[]
 []


Overfull \hbox (1.41573pt too wide) detected at line 90
 [][]\T1/phv/m/n/12 115[]
 []


Overfull \hbox (1.41573pt too wide) detected at line 91
 [][]\T1/phv/m/n/12 116[]
 []


Underfull \hbox (badness 10000) in paragraph at lines 92--92
 []  
 []


Overfull \hbox (1.41573pt too wide) detected at line 92
 [][]\T1/phv/m/n/12 117[]
 []


Overfull \hbox (1.41573pt too wide) detected at line 94
 [][]\T1/phv/m/n/12 117[]
 []


Overfull \hbox (1.41573pt too wide) detected at line 95
 [][]\T1/phv/m/n/12 118[]
 []


Overfull \hbox (1.41573pt too wide) detected at line 96
 [][]\T1/phv/m/n/12 119[]
 []


Overfull \hbox (1.41573pt too wide) detected at line 98
 [][]\T1/phv/m/n/12 120[]
 []


Overfull \hbox (1.41573pt too wide) detected at line 99
 [][]\T1/phv/m/n/12 121[]
 []


Overfull \hbox (1.41573pt too wide) detected at line 100
 [][]\T1/phv/m/n/12 122[]
 []


Overfull \hbox (1.41573pt too wide) detected at line 102
 [][]\T1/phv/m/n/12 123[]
 []


Overfull \hbox (1.41573pt too wide) detected at line 103
 [][]\T1/phv/m/n/12 124[]
 []


Overfull \hbox (1.41573pt too wide) detected at line 104
 [][]\T1/phv/m/n/12 125[]
 []

[16]
Overfull \hbox (1.41573pt too wide) detected at line 105
 [][]\T1/phv/m/n/12 126[]
 []


Overfull \hbox (1.41573pt too wide) detected at line 107
 [][]\T1/phv/m/n/12 128[]
 []


Overfull \hbox (1.41573pt too wide) detected at line 108
 [][]\T1/phv/m/n/12 128[]
 []


Overfull \hbox (1.41573pt too wide) detected at line 109
 [][]\T1/phv/m/n/12 129[]
 []


Overfull \hbox (1.41573pt too wide) detected at line 110
 [][]\T1/phv/m/n/12 130[]
 []


Overfull \hbox (1.41573pt too wide) detected at line 112
 [][]\T1/phv/m/n/12 131[]
 []


Overfull \hbox (1.41573pt too wide) detected at line 113
 [][]\T1/phv/m/n/12 131[]
 []


Overfull \hbox (1.41573pt too wide) detected at line 114
 [][]\T1/phv/m/n/12 131[]
 []


Overfull \hbox (1.41573pt too wide) detected at line 115
 [][]\T1/phv/m/n/12 132[]
 []


Overfull \hbox (1.41573pt too wide) detected at line 117
 [][]\T1/phv/m/n/12 133[]
 []


Overfull \hbox (1.41573pt too wide) detected at line 118
 [][]\T1/phv/m/n/12 134[]
 []


Overfull \hbox (1.41573pt too wide) detected at line 119
 [][]\T1/phv/m/n/12 135[]
 []


Overfull \hbox (1.41573pt too wide) detected at line 121
 [][]\T1/phv/m/n/12 135[]
 []


Overfull \hbox (1.41573pt too wide) detected at line 122
 [][]\T1/phv/m/n/12 135[]
 []


Overfull \hbox (1.41573pt too wide) detected at line 123
 [][]\T1/phv/m/n/12 136[]
 []


Overfull \hbox (1.41573pt too wide) detected at line 124
 [][]\T1/phv/m/n/12 136[]
 []


Overfull \hbox (1.41573pt too wide) detected at line 125
 [][]\T1/phv/m/n/12 136[]
 []


Overfull \hbox (1.41573pt too wide) detected at line 127
 [][]\T1/phv/m/n/12 137[]
 []


Overfull \hbox (1.41573pt too wide) detected at line 128
 [][]\T1/phv/m/n/12 137[]
 []


Overfull \hbox (1.41573pt too wide) detected at line 129
 [][]\T1/phv/m/n/12 138[]
 []


Overfull \hbox (1.41573pt too wide) detected at line 130
 [][]\T1/phv/m/n/12 139[]
 []


Overfull \hbox (1.41573pt too wide) detected at line 131
 [][]\T1/phv/m/n/12 139[]
 []


Overfull \hbox (1.41573pt too wide) detected at line 133
 [][]\T1/phv/m/n/12 140[]
 []


Overfull \hbox (1.41573pt too wide) detected at line 134
 [][]\T1/phv/m/n/12 141[]
 []


Overfull \hbox (1.41573pt too wide) detected at line 135
 [][]\T1/phv/m/n/12 141[]
 []


Overfull \hbox (1.41573pt too wide) detected at line 136
 [][]\T1/phv/m/n/12 141[]
 []


Overfull \hbox (1.41573pt too wide) detected at line 137
 [][]\T1/phv/m/n/12 141[]
 []


Overfull \hbox (1.41573pt too wide) detected at line 139
 [][]\T1/phv/m/n/12 142[]
 []


Overfull \hbox (1.41573pt too wide) detected at line 146
 [][]\T1/phv/m/n/12 147[]
 []


Overfull \hbox (1.41573pt too wide) detected at line 152
 [][]\T1/phv/m/n/12 151[]
 []


Overfull \hbox (1.41573pt too wide) detected at line 158
 [][]\T1/phv/m/n/12 156[]
 []


Overfull \hbox (1.41573pt too wide) detected at line 159
 [][]\T1/phv/m/n/12 156[]
 []


Overfull \hbox (1.41573pt too wide) detected at line 160
 [][]\T1/phv/m/n/12 157[]
 []


Overfull \hbox (1.41573pt too wide) detected at line 161
 [][]\T1/phv/m/n/12 157[]
 []


Underfull \hbox (badness 10000) in paragraph at lines 162--162
 []  
 []


Overfull \hbox (1.41573pt too wide) detected at line 162
 [][]\T1/phv/m/n/12 160[]
 []


Overfull \hbox (1.41573pt too wide) detected at line 164
 [][]\T1/phv/m/n/12 160[]
 []


Overfull \hbox (1.41573pt too wide) detected at line 165
 [][]\T1/phv/m/n/12 161[]
 []


Overfull \hbox (1.41573pt too wide) detected at line 166
 [][]\T1/phv/m/n/12 163[]
 []

[17]
Overfull \hbox (1.41573pt too wide) detected at line 168
 [][]\T1/phv/m/n/12 163[]
 []


Overfull \hbox (1.41573pt too wide) detected at line 169
 [][]\T1/phv/m/n/12 164[]
 []


Overfull \hbox (1.41573pt too wide) detected at line 170
 [][]\T1/phv/m/n/12 165[]
 []


Overfull \hbox (1.41573pt too wide) detected at line 172
 [][]\T1/phv/m/n/12 167[]
 []


Overfull \hbox (1.41573pt too wide) detected at line 173
 [][]\T1/phv/m/n/12 167[]
 []


Overfull \hbox (1.41573pt too wide) detected at line 174
 [][]\T1/phv/m/n/12 168[]
 []


Overfull \hbox (1.41573pt too wide) detected at line 176
 [][]\T1/phv/m/n/12 169[]
 []


Overfull \hbox (1.41573pt too wide) detected at line 177
 [][]\T1/phv/m/n/12 170[]
 []


Overfull \hbox (1.41573pt too wide) detected at line 178
 [][]\T1/phv/m/n/12 170[]
 []


Overfull \hbox (1.41573pt too wide) detected at line 179
 [][]\T1/phv/m/n/12 171[]
 []


Overfull \hbox (1.41573pt too wide) detected at line 181
 [][]\T1/phv/m/n/12 172[]
 []


Overfull \hbox (1.41573pt too wide) detected at line 182
 [][]\T1/phv/m/n/12 172[]
 []


Overfull \hbox (1.41573pt too wide) detected at line 183
 [][]\T1/phv/m/n/12 172[]
 []


Overfull \hbox (1.41573pt too wide) detected at line 184
 [][]\T1/phv/m/n/12 173[]
 []


Overfull \hbox (1.41573pt too wide) detected at line 186
 [][]\T1/phv/m/n/12 173[]
 []


Overfull \hbox (1.41573pt too wide) detected at line 187
 [][]\T1/phv/m/n/12 174[]
 []


Overfull \hbox (1.41573pt too wide) detected at line 188
 [][]\T1/phv/m/n/12 174[]
 []


Overfull \hbox (1.41573pt too wide) detected at line 190
 [][]\T1/phv/m/n/12 175[]
 []


Overfull \hbox (1.41573pt too wide) detected at line 191
 [][]\T1/phv/m/n/12 175[]
 []


Overfull \hbox (1.41573pt too wide) detected at line 192
 [][]\T1/phv/m/n/12 175[]
 []


Overfull \hbox (1.41573pt too wide) detected at line 193
 [][]\T1/phv/m/n/12 175[]
 []


Overfull \hbox (1.41573pt too wide) detected at line 195
 [][]\T1/phv/m/n/12 176[]
 []


Overfull \hbox (1.41573pt too wide) detected at line 196
 [][]\T1/phv/m/n/12 176[]
 []


Overfull \hbox (1.41573pt too wide) detected at line 197
 [][]\T1/phv/m/n/12 176[]
 []


Overfull \hbox (1.41573pt too wide) detected at line 198
 [][]\T1/phv/m/n/12 177[]
 []


Overfull \hbox (1.41573pt too wide) detected at line 200
 [][]\T1/phv/m/n/12 177[]
 []


Overfull \hbox (1.41573pt too wide) detected at line 201
 [][]\T1/phv/m/n/12 177[]
 []


Overfull \hbox (1.41573pt too wide) detected at line 202
 [][]\T1/phv/m/n/12 178[]
 []


Overfull \hbox (1.41573pt too wide) detected at line 204
 [][]\T1/phv/m/n/12 178[]
 []


Overfull \hbox (1.41573pt too wide) detected at line 205
 [][]\T1/phv/m/n/12 178[]
 []


Overfull \hbox (1.41573pt too wide) detected at line 206
 [][]\T1/phv/m/n/12 179[]
 []


Underfull \hbox (badness 10000) in paragraph at lines 207--207
 []  
 []


Overfull \hbox (1.41573pt too wide) detected at line 207
 [][]\T1/phv/m/n/12 180[]
 []


Overfull \hbox (1.41573pt too wide) detected at line 209
 [][]\T1/phv/m/n/12 180[]
 []


Overfull \hbox (1.41573pt too wide) detected at line 210
 [][]\T1/phv/m/n/12 181[]
 []


Overfull \hbox (1.41573pt too wide) detected at line 211
 [][]\T1/phv/m/n/12 181[]
 []


Overfull \hbox (1.41573pt too wide) detected at line 213
 [][]\T1/phv/m/n/12 182[]
 []


Overfull \hbox (1.41573pt too wide) detected at line 214
 [][]\T1/phv/m/n/12 182[]
 []


Overfull \hbox (1.41573pt too wide) detected at line 215
 [][]\T1/phv/m/n/12 183[]
 []

[18]
Overfull \hbox (1.41573pt too wide) detected at line 217
 [][]\T1/phv/m/n/12 183[]
 []


Overfull \hbox (1.41573pt too wide) detected at line 218
 [][]\T1/phv/m/n/12 183[]
 []


Overfull \hbox (1.41573pt too wide) detected at line 219
 [][]\T1/phv/m/n/12 184[]
 []


Overfull \hbox (1.41573pt too wide) detected at line 220
 [][]\T1/phv/m/n/12 184[]
 []


Overfull \hbox (1.41573pt too wide) detected at line 222
 [][]\T1/phv/m/n/12 184[]
 []


Overfull \hbox (1.41573pt too wide) detected at line 223
 [][]\T1/phv/m/n/12 185[]
 []


Overfull \hbox (1.41573pt too wide) detected at line 224
 [][]\T1/phv/m/n/12 185[]
 []


Overfull \hbox (1.41573pt too wide) detected at line 225
 [][]\T1/phv/m/n/12 185[]
 []


Overfull \hbox (1.41573pt too wide) detected at line 227
 [][]\T1/phv/m/n/12 186[]
 []


Overfull \hbox (1.41573pt too wide) detected at line 228
 [][]\T1/phv/m/n/12 186[]
 []


Overfull \hbox (1.41573pt too wide) detected at line 229
 [][]\T1/phv/m/n/12 186[]
 []


Overfull \hbox (1.41573pt too wide) detected at line 230
 [][]\T1/phv/m/n/12 186[]
 []


Overfull \hbox (1.41573pt too wide) detected at line 232
 [][]\T1/phv/m/n/12 187[]
 []


Overfull \hbox (1.41573pt too wide) detected at line 233
 [][]\T1/phv/m/n/12 187[]
 []


Overfull \hbox (1.41573pt too wide) detected at line 234
 [][]\T1/phv/m/n/12 187[]
 []


Overfull \hbox (1.41573pt too wide) detected at line 235
 [][]\T1/phv/m/n/12 187[]
 []


Overfull \hbox (1.41573pt too wide) detected at line 237
 [][]\T1/phv/m/n/12 187[]
 []


Overfull \hbox (1.41573pt too wide) detected at line 238
 [][]\T1/phv/m/n/12 188[]
 []


Overfull \hbox (1.41573pt too wide) detected at line 239
 [][]\T1/phv/m/n/12 188[]
 []


Overfull \hbox (1.41573pt too wide) detected at line 240
 [][]\T1/phv/m/n/12 188[]
 []


Overfull \hbox (1.41573pt too wide) detected at line 242
 [][]\T1/phv/m/n/12 188[]
 []


Overfull \hbox (1.41573pt too wide) detected at line 243
 [][]\T1/phv/m/n/12 189[]
 []


Overfull \hbox (1.41573pt too wide) detected at line 244
 [][]\T1/phv/m/n/12 189[]
 []


Overfull \hbox (1.41573pt too wide) detected at line 245
 [][]\T1/phv/m/n/12 189[]
 []


Overfull \hbox (1.41573pt too wide) detected at line 247
 [][]\T1/phv/m/n/12 190[]
 []


Overfull \hbox (1.41573pt too wide) detected at line 248
 [][]\T1/phv/m/n/12 190[]
 []


Overfull \hbox (1.41573pt too wide) detected at line 249
 [][]\T1/phv/m/n/12 190[]
 []


Underfull \hbox (badness 10000) in paragraph at lines 250--250
 []  
 []


Overfull \hbox (1.41573pt too wide) detected at line 250
 [][]\T1/phv/m/n/12 191[]
 []


Overfull \hbox (1.41573pt too wide) detected at line 252
 [][]\T1/phv/m/n/12 191[]
 []


Overfull \hbox (1.41573pt too wide) detected at line 253
 [][]\T1/phv/m/n/12 192[]
 []


Overfull \hbox (1.41573pt too wide) detected at line 254
 [][]\T1/phv/m/n/12 193[]
 []


Overfull \hbox (1.41573pt too wide) detected at line 256
 [][]\T1/phv/m/n/12 194[]
 []


Overfull \hbox (1.41573pt too wide) detected at line 257
 [][]\T1/phv/m/n/12 194[]
 []


Overfull \hbox (1.41573pt too wide) detected at line 258
 [][]\T1/phv/m/n/12 195[]
 []


Overfull \hbox (1.41573pt too wide) detected at line 260
 [][]\T1/phv/m/n/12 195[]
 []


Overfull \hbox (1.41573pt too wide) detected at line 261
 [][]\T1/phv/m/n/12 196[]
 []


Overfull \hbox (1.41573pt too wide) detected at line 262
 [][]\T1/phv/m/n/12 196[]
 []

[19]
Overfull \hbox (1.41573pt too wide) detected at line 264
 [][]\T1/phv/m/n/12 197[]
 []


Overfull \hbox (1.41573pt too wide) detected at line 265
 [][]\T1/phv/m/n/12 197[]
 []


Overfull \hbox (1.41573pt too wide) detected at line 266
 [][]\T1/phv/m/n/12 197[]
 []


Overfull \hbox (1.41573pt too wide) detected at line 268
 [][]\T1/phv/m/n/12 198[]
 []


Overfull \hbox (1.41573pt too wide) detected at line 269
 [][]\T1/phv/m/n/12 198[]
 []


Overfull \hbox (1.41573pt too wide) detected at line 270
 [][]\T1/phv/m/n/12 198[]
 []


Overfull \hbox (1.41573pt too wide) detected at line 271
 [][]\T1/phv/m/n/12 199[]
 []


Overfull \hbox (1.41573pt too wide) detected at line 273
 [][]\T1/phv/m/n/12 199[]
 []


Overfull \hbox (1.41573pt too wide) detected at line 274
 [][]\T1/phv/m/n/12 199[]
 []


Overfull \hbox (1.41573pt too wide) detected at line 275
 [][]\T1/phv/m/n/12 200[]
 []


Underfull \hbox (badness 10000) in paragraph at lines 276--276
 []  
 []


Overfull \hbox (1.41573pt too wide) detected at line 276
 [][]\T1/phv/m/n/12 201[]
 []


Overfull \hbox (1.41573pt too wide) detected at line 278
 [][]\T1/phv/m/n/12 201[]
 []


Overfull \hbox (1.41573pt too wide) detected at line 279
 [][]\T1/phv/m/n/12 201[]
 []


Overfull \hbox (1.41573pt too wide) detected at line 281
 [][]\T1/phv/m/n/12 202[]
 []


Overfull \hbox (1.41573pt too wide) detected at line 282
 [][]\T1/phv/m/n/12 202[]
 []


Overfull \hbox (1.41573pt too wide) detected at line 283
 [][]\T1/phv/m/n/12 202[]
 []


Overfull \hbox (1.41573pt too wide) detected at line 285
 [][]\T1/phv/m/n/12 203[]
 []


Overfull \hbox (1.41573pt too wide) detected at line 286
 [][]\T1/phv/m/n/12 203[]
 []


Overfull \hbox (1.41573pt too wide) detected at line 287
 [][]\T1/phv/m/n/12 203[]
 []


Overfull \hbox (1.41573pt too wide) detected at line 289
 [][]\T1/phv/m/n/12 204[]
 []


Overfull \hbox (1.41573pt too wide) detected at line 290
 [][]\T1/phv/m/n/12 204[]
 []


Overfull \hbox (1.41573pt too wide) detected at line 292
 [][]\T1/phv/m/n/12 204[]
 []


Overfull \hbox (1.41573pt too wide) detected at line 293
 [][]\T1/phv/m/n/12 204[]
 []


Overfull \hbox (1.41573pt too wide) detected at line 294
 [][]\T1/phv/m/n/12 205[]
 []


Overfull \hbox (1.41573pt too wide) detected at line 295
 [][]\T1/phv/m/n/12 205[]
 []


Overfull \hbox (1.41573pt too wide) detected at line 296
 [][]\T1/phv/m/n/12 205[]
 []


Underfull \hbox (badness 10000) in paragraph at lines 297--297
 []  
 []


Overfull \hbox (1.41573pt too wide) detected at line 297
 [][]\T1/phv/m/n/12 206[]
 []

)
\tf@toc=\write7
\openout7 = `exemplo-tcc.toc'.

 [20]

Package natbib Warning: Citation `WHO2025' on page 21 undefined on input line 1
47.


Package natbib Warning: Citation `IARC2025' on page 21 undefined on input line 
147.


Package natbib Warning: Citation `INCA2023' on page 21 undefined on input line 
149.


Package natbib Warning: Citation `INCAIncidencia' on page 21 undefined on input
 line 149.


Package natbib Warning: Citation `IARC2025' on page 21 undefined on input line 
151.


Package natbib Warning: Citation `INCADeteccao' on page 21 undefined on input l
ine 151.


Package natbib Warning: Citation `INCADeteccao' on page 21 undefined on input l
ine 155.

[21

]

Package natbib Warning: Citation `INCADeteccao' on page 22 undefined on input l
ine 157.


Package natbib Warning: Citation `IARCBreastAtlas' on page 22 undefined on inpu
t line 157.


Package natbib Warning: Citation `IARCBreastAtlas' on page 22 undefined on inpu
t line 159.


Package natbib Warning: Citation `INCAParametros' on page 22 undefined on input
 line 159.


Package natbib Warning: Citation `Barragan2021' on page 22 undefined on input l
ine 163.


Package natbib Warning: Citation `Alhejaily2024' on page 22 undefined on input 
line 163.


Package natbib Warning: Citation `Barragan2021' on page 22 undefined on input l
ine 165.

[22]

Package natbib Warning: Citation `Liu2025' on page 23 undefined on input line 1
67.

[23]
LaTeX Font Info:    Font shape `T1/phv/b/it' in size <12> not available
(Font)              Font shape `T1/phv/b/sl' tried instead on input line 179.
 [24] [25] [26] [27] [28] [29] [30] [31

] [32] [33] [34] [35] [36] [37]
[38] [39] [40]

Package natbib Warning: Citation `LeCun1998' on page 41 undefined on input line
 393.


Package natbib Warning: Citation `Goodfellow2016' on page 41 undefined on input
 line 393.


Package natbib Warning: Citation `Szeliski2022' on page 41 undefined on input l
ine 393.

[41]

Package natbib Warning: Citation `Yamashita2018' on page 42 undefined on input 
line 421.

[42] [43]

Package natbib Warning: Citation `Nair2010' on page 44 undefined on input line 
472.

[44] [45]

Package natbib Warning: Citation `Ioffe2015' on page 46 undefined on input line
 560.


Package natbib Warning: Citation `Srivastava2014' on page 46 undefined on input
 line 578.

[46]

Package natbib Warning: Citation `Pan2010' on page 47 undefined on input line 6
03.

[47] [48]

Package natbib Warning: Citation `Yosinski2014' on page 49 undefined on input l
ine 675.


Package natbib Warning: Citation `Pan2010' on page 49 undefined on input line 6
85.


Package natbib Warning: Citation `Shin2016' on page 49 undefined on input line 
685.

[49] [50] [51] [52] [53]
LaTeX Font Info:    Trying to load font information for TS1+phv on input line 8
67.

(C:\Users\ResTIC55\AppData\Local\Programs\MiKTeX\tex/latex/psnfss\ts1phv.fd
File: ts1phv.fd 2020/03/25 scalable font definitions for TS1/phv.
)
[54] [55] [56] [57] [58] [59]
<../vgg16.jpg, id=2223, 903.375pt x 508.90125pt>
File: ../vgg16.jpg Graphic file (type jpg)
<use ../vgg16.jpg>
Package pdftex.def Info: ../vgg16.jpg  used on input line 1129.
(pdftex.def)             Requested size: 318.66948pt x 179.51584pt.
 [60] [61 <../vgg16.jpg (PNG copy)>]

Package natbib Warning: Citation `He2016' on page 62 undefined on input line 11
65.

[62] [63]

Package natbib Warning: Citation `He2016' on page 64 undefined on input line 12
15.


Package natbib Warning: Citation `He2016' on page 64 undefined on input line 12
19.

[64]

Package natbib Warning: Citation `He2016' on page 65 undefined on input line 12
53.


Package natbib Warning: Citation `Ioffe2015' on page 65 undefined on input line
 1267.

[65]
<../resnet50.jpg, id=2282, 1369.115pt x 562.1pt>
File: ../resnet50.jpg Graphic file (type jpg)
<use ../resnet50.jpg>
Package pdftex.def Info: ../resnet50.jpg  used on input line 1291.
(pdftex.def)             Requested size: 318.66948pt x 130.8327pt.


Package natbib Warning: Citation `Yamashita2018' on page 66 undefined on input 
line 1303.

[66 <../resnet50.jpg>] [67]

Package natbib Warning: Citation `Tan2019EfficientNet' on page 68 undefined on 
input line 1347.


Package natbib Warning: Citation `Sandler2018' on page 68 undefined on input li
ne 1353.

[68] [69] [70] [71] [72]

Package natbib Warning: Citation `Liu2022ConvNeXt' on page 73 undefined on inpu
t line 1527.

[73]

Package natbib Warning: Citation `Liu2022ConvNeXt' on page 74 undefined on inpu
t line 1554.

[74] [75] [76] [77] [78] [79] [80] [81] [82] [83] [84] [85] [86] [87] [88]
[89] [90] [91] [92] [93] [94]

Package natbib Warning: Citation `Zhou2018UNetpp' on page 95 undefined on input
 line 2230.

[95] [96] [97] [98] [99] [100] [101] [102] [103] [104]

Package natbib Warning: Citation `Shorten2019' on page 105 undefined on input l
ine 2633.


Package natbib Warning: Citation `Yang2022AugSurvey' on page 105 undefined on i
nput line 2633.

[105]

Package natbib Warning: Citation `Shorten2019' on page 106 undefined on input l
ine 2709.


Package natbib Warning: Citation `Yang2022AugSurvey' on page 106 undefined on i
nput line 2709.

[106]

Package natbib Warning: Citation `He2009' on page 107 undefined on input line 2
734.


Package natbib Warning: Citation `Branco2016' on page 107 undefined on input li
ne 2734.

[107] [108]

Package natbib Warning: Citation `Lin2017Focal' on page 109 undefined on input 
line 2832.

[109] [110]

Package natbib Warning: Citation `Sudre2017GDL' on page 111 undefined on input 
line 2920.

[111]

Package natbib Warning: Citation `Alotaibi2023USClassification' on page 112 und
efined on input line 2981.

[112]

Package natbib Warning: Citation `Alotaibi2023USClassification' on page 113 und
efined on input line 2985.


Package natbib Warning: Citation `Ali2023MetaLearning' on page 113 undefined on
 input line 2985.


Package natbib Warning: Citation `Latha2024EfficientNetXAI' on page 113 undefin
ed on input line 2987.

[113]

Package natbib Warning: Citation `Xiao2025UltrasoundSegReview' on page 114 unde
fined on input line 2991.


Package natbib Warning: Citation `Rayed2024SegSurvey' on page 114 undefined on 
input line 2991.


Package natbib Warning: Citation `Rahmani2024' on page 114 undefined on input l
ine 2993.


Package natbib Warning: Citation `Xiao2025UltrasoundSegReview' on page 114 unde
fined on input line 2997.

[114]

Package natbib Warning: Citation `Rayed2024SegSurvey' on page 115 undefined on 
input line 3003.

[115]

Package natbib Warning: Citation `Xiao2025UltrasoundSegReview' on page 116 unde
fined on input line 3009.


Package natbib Warning: Citation `Rayed2024SegSurvey' on page 116 undefined on 
input line 3013.

[116] [117

]
Overfull \hbox (130.43076pt too wide) detected at line 3040
[][][][] \OMS/cmsy/m/n/12 ! [] ! [] ! [] ! [] ! []\OML/cmm/m/it/12 :
 []

[118] [119] [120] [121] [122] [123]

Package natbib Warning: Citation `turn956269search3' on page 124 undefined on i
nput line 3110.

[124] [125] [126] [127] [128] [129] [130] [131] [132]
Overfull \hbox (27.94081pt too wide) in paragraph at lines 3255--3255
[]|\T1/phv/m/n/12 RandomBrightnessContrast| 
 []


Underfull \hbox (badness 10000) in paragraph at lines 3255--3256
[]|\T1/cmtt/m/n/12 brightness_limit = 0.10\T1/phv/m/n/12 , \T1/cmtt/m/n/12 cont
rast_limit =
 []

[133]
Overfull \hbox (27.94081pt too wide) in paragraph at lines 3283--3283
[]|\T1/phv/m/n/12 RandomBrightnessContrast| 
 []


Underfull \hbox (badness 10000) in paragraph at lines 3283--3284
[]|\T1/cmtt/m/n/12 brightness_limit = 0.08\T1/phv/m/n/12 , \T1/cmtt/m/n/12 cont
rast_limit =
 []

[134]
Underfull \hbox (badness 1132) in paragraph at lines 3310--3311
[]\T1/phv/m/n/12 Uma de-ci-săo me-to-do-lo-gi-ca-mente im-por-tante foi o ras-t
re-a-mento ex-plí-cito de
 []


Underfull \hbox (badness 5787) in paragraph at lines 3314--3315
[]\T1/phv/m/n/12 As ar-qui-te-tu-ras de clas-si-fi-ca-çăo se-le-ci-o-na-das fo-
ram VGG16, Res-Net50,
 []


Underfull \hbox (badness 10000) in paragraph at lines 3326--3327
[]\T1/phv/m/n/12 As ca-be-ças de clas-si-fi-ca-çăo fo-ram de-fi-ni-das im-pli-c
i-ta-mente por
 []


Underfull \hbox (badness 1009) in paragraph at lines 3326--3327
\T1/cmtt/m/n/12 timm.create_model(..., num_classes=3)\T1/phv/m/n/12 , o que sub
s-ti-tui a ca-mada fi-nal ori-gi-
 []

[135]
Underfull \hbox (badness 10000) in paragraph at lines 3340--3340
[]|\T1/phv/b/n/12 Learning
 []


Underfull \hbox (badness 10000) in paragraph at lines 3340--3340
[]|\T1/phv/b/n/12 Batch
 []


Underfull \hbox (badness 10000) in paragraph at lines 3340--3340
[]|\T1/phv/b/n/12 Fine-
 []


Underfull \hbox (badness 10000) in paragraph at lines 3340--3340
\T1/phv/b/n/12 tuning
 []


Underfull \hbox (badness 1127) in paragraph at lines 3342--3342
\T1/phv/m/n/12 clas-si-fi-ca-çăo é trei-
 []


Underfull \hbox (badness 10000) in paragraph at lines 3343--3343
[]|\T1/phv/m/n/12 Cabeça e blo-cos
 []


Underfull \hbox (badness 5245) in paragraph at lines 3343--3343
\T1/phv/m/n/12 fi-nais de-fi-ni-dos do
 []


Underfull \hbox (badness 2894) in paragraph at lines 3343--3343
\T1/phv/m/sl/12 back-bone \T1/phv/m/n/12 săo trei-
 []

[136] [137]
Underfull \hbox (badness 10000) in paragraph at lines 3374--3375
[]\T1/phv/m/n/12 U-Net, U-Net++ e De-e-pLabV3+ fo-ram ins-tan-ci-a-das via
 []


Underfull \hbox (badness 1824) in paragraph at lines 3374--3375
\T1/phv/m/n/12 por \T1/cmtt/m/n/12 get_encoder\T1/phv/m/n/12 , blo-cos \T1/cmtt
/m/n/12 DoubleConv\T1/phv/m/n/12 , \T1/cmtt/m/n/12 AttentionGate \T1/phv/m/n/12
 nas co-ne-xőes la-te-rais e
 []

[138]
Underfull \hbox (badness 1527) in paragraph at lines 3404--3404
[]|$\OML/cmm/m/it/12 lr \OT1/cmr/m/n/12 = 0[]0001$\T1/phv/m/n/12 , en-trada $\O
T1/cmr/m/n/12 256 \OMS/cmsy/m/n/12 ^^B \OT1/cmr/m/n/12 256$\T1/phv/m/n/12 , per
da
 []


Underfull \hbox (badness 10000) in paragraph at lines 3404--3404
[]|\T1/phv/m/n/12 Modelos con-ver-gen-tes
 []


Underfull \hbox (badness 1152) in paragraph at lines 3404--3404
[]|\T1/phv/m/n/12 U-Net, At-ten-tion U-Net, U-Net++ e De-e-
 []

[139] [140]
Underfull \hbox (badness 1577) in paragraph at lines 3444--3445
[]\T1/phv/m/n/12 comparaçăo fi-nal en-tre ar-qui-te-tu-ras no con-junto de test
e, re-gis-trada em
 []


Underfull \hbox (badness 1062) in paragraph at lines 3447--3448
[]\T1/phv/m/n/12 Após a se-le-çăo por va-li-da-çăo, o pi-pe-line re-car-rega o 
\T1/cmtt/m/n/12 best_model.pt\T1/phv/m/n/12 , exe-
 []


Underfull \hbox (badness 3623) in paragraph at lines 3447--3448
\T1/phv/m/n/12 cuta in-fe-ręn-cia no con-junto de teste e salva mé-tri-cas fi-n
ais, cur-vas, ma-
 []


Underfull \hbox (badness 7981) in paragraph at lines 3447--3448
\T1/phv/m/n/12 tri-zes, ga-le-rias qua-li-ta-ti-vas, \T1/phv/m/sl/12 ben-ch-mar
ks \T1/phv/m/n/12 e ta-be-las com-pa-ra-ti-vas. Além
 []


Underfull \hbox (badness 5592) in paragraph at lines 3447--3448
\T1/phv/m/n/12 disso, o pro-jeto de-riva me-di-das de \T1/phv/m/sl/12 trade-off
 \T1/phv/m/n/12 en-tre de-sem-pe-nho e custo
 []


Underfull \hbox (badness 10000) in paragraph at lines 3447--3448
\T1/phv/m/n/12 com ra-zőes como $[]\OML/cmm/m/it/12 = [][]\OT1/cmr/m/n/12 ([])$
 \T1/phv/m/n/12 para clas-si-fi-ca-çăo e
 []

[141] [142]
Underfull \hbox (badness 10000) in paragraph at lines 3489--3490
[]|\T1/phv/m/n/12 quantificar con-fi-a-bi-li-dade das
 []

[143] [144] [145] [146] [147]
Underfull \hbox (badness 4205) in paragraph at lines 3672--3672
[]|\T1/phv/m/n/12 avaliar con-cor-dân-cia es-pa-cial
 []


Underfull \hbox (badness 10000) in paragraph at lines 3672--3672
[]|\T1/phv/m/n/12 F1-score pixel-
 []

[148] [149] [150] [151]
Underfull \hbox (badness 10000) in paragraph at lines 3674--3674
[]|\T1/phv/m/n/12 Tempo mé-dio por
 []


Underfull \hbox (badness 2781) in paragraph at lines 3674--3674
[]|\T1/phv/m/n/12 medir es-ta-bi-li-dade tem-po-ral
 []

[152] [153] [154] [155] [156]
Overfull \hbox (1.55367pt too wide) in paragraph at lines 3739--3739
[]|\T1/cmtt/m/n/12 classification/| 
 []

[157]
Underfull \hbox (badness 1122) in paragraph at lines 3764--3764
[]|\T1/phv/m/n/12 Aplicaçăo das trans-for-ma-çőes e pre-pro-ces-sa-
 []

[158] [159] [160

]
Underfull \hbox (badness 1509) in paragraph at lines 3851--3852
[]|\T1/phv/m/n/12 Tręs di-men-sőes prin-ci-pais
 []


Underfull \hbox (badness 2197) in paragraph at lines 3855--3856
[]|\T1/phv/m/n/12 Quatro ar-qui-te-tu-ras fo-ram
 []


Underfull \hbox (badness 1655) in paragraph at lines 3855--3856
\T1/phv/m/n/12 ana-li-sa-das sob o mesmo
 []


Underfull \hbox (badness 4531) in paragraph at lines 3859--3860
[]|\T1/phv/m/n/12 Cobertura sis-te-má-tica de
 []


Underfull \hbox (badness 10000) in paragraph at lines 3861--3861
[]|\T1/phv/m/n/12 Melhor mé-dia de
 []


Underfull \hbox (badness 2359) in paragraph at lines 3861--3861
\T1/phv/m/n/12 macro-$\OML/cmm/m/it/12 F[]$ \T1/phv/m/n/12 em va-li-da-
 []


Underfull \hbox (badness 6927) in paragraph at lines 3869--3870
[]|\T1/phv/m/n/12 Favorece sen-si-bi-li-dade ŕ
 []


Underfull \hbox (badness 10000) in paragraph at lines 3873--3874
[]|\T1/phv/m/n/12 Sugere ins-ta-bi-li-dade
 []


Underfull \hbox (badness 6364) in paragraph at lines 3873--3874
\T1/phv/m/n/12 quando to-dos os pe-sos
 []


Underfull \hbox (badness 4913) in paragraph at lines 3873--3874
\T1/phv/m/n/12 săo ajus-ta-dos com taxa
 []


Underfull \hbox (badness 1178) in paragraph at lines 3875--3875
[]|\T1/phv/m/n/12 Melhor \T1/phv/m/sl/12 trial \T1/phv/m/n/12 da Res-
 []


Underfull \hbox (badness 10000) in paragraph at lines 3879--3879
[]|\T1/phv/m/n/12 Melhor \T1/phv/m/sl/12 trial \T1/phv/m/n/12 da
 []


Underfull \hbox (badness 10000) in paragraph at lines 3883--3883
[]|\T1/phv/m/n/12 Melhor \T1/phv/m/sl/12 trial \T1/phv/m/n/12 da
 []


Underfull \hbox (badness 10000) in paragraph at lines 3885--3886
[]|\T1/phv/m/n/12 Comportamento se-me-
 []


Underfull \hbox (badness 1082) in paragraph at lines 3885--3886
\T1/phv/m/n/12 lhante ao da EfficientNet-
 []


Underfull \hbox (badness 10000) in paragraph at lines 3889--3890
[]|\T1/phv/m/n/12 Mostra pre-fe-ręn-cia por
 []

[161] [162] [163]
Underfull \hbox (badness 1184) in paragraph at lines 3950--3951
[]\T1/phv/m/n/12 A EfficientNet-B0 ocu-pou uma po-si-çăo in-ter-me-di-á-ria em 
de-sem-pe-nho, mas
 []


Underfull \hbox (badness 10000) in paragraph at lines 3960--3960
[]|\T1/phv/m/n/12 EfficientNet-B0 vs.
 []

[164] [165]
Underfull \hbox (badness 1448) in paragraph at lines 4002--4002
[]|\T1/phv/m/n/12 Melhor equi-lí-brio en-tre de-sem-pe-nho glo-bal,
 []


Underfull \hbox (badness 1024) in paragraph at lines 4008--4009
\T1/phv/m/n/12 a di-nâ-mica de con-ver-gęn-cia dos mo-de-los de clas-si-fi-ca-ç
ăo ao longo das épo-
 []


Underfull \hbox (badness 2941) in paragraph at lines 4008--4009
\T1/phv/m/n/12 uti-li-za-dos na com-pa-ra-çăo fi-nal fo-ram: \T1/cmtt/m/n/12 tr
ial_11_lr_0.0001_bs_32_ft_partial
 []


Underfull \hbox (badness 10000) in paragraph at lines 4008--4009
\T1/phv/m/n/12 para VGG16, \T1/cmtt/m/n/12 trial_03_lr_0.001_bs_16_ft_deep \T1/
phv/m/n/12 para Res-
 []


Underfull \hbox (badness 10000) in paragraph at lines 4008--4009
\T1/phv/m/n/12 Net50, \T1/cmtt/m/n/12 trial_05_lr_0.001_bs_32_ft_partial \T1/ph
v/m/n/12 para EfficientNet-B0 e
 []


Underfull \hbox (badness 3407) in paragraph at lines 4008--4009
\T1/cmtt/m/n/12 trial_05_lr_0.001_bs_32_ft_partial \T1/phv/m/n/12 para ConvNeXt
-Large. Além disso, o
 []

[166] [167] [168] [169] [170]
Underfull \hbox (badness 3068) in paragraph at lines 4077--4078
[]\T1/phv/m/n/12 As ma-tri-zes de con-fu-săo per-mi-tem ob-ser-var ex-pli-ci-ta
-mente como os er-
 []


Underfull \hbox (badness 2401) in paragraph at lines 4077--4078
\T1/phv/m/n/12 ros se dis-tri-buem en-tre as clas-ses. Neste tra-ba-lho, a or-d
em ado-tada foi
 []

[171] [172] [173] [174] [175] [176]
Underfull \hbox (badness 3179) in paragraph at lines 4231--4232
[]\T1/phv/m/n/12 Entre os ca-sos cor-re-ta-mente clas-si-fi-ca-dos, destacaram-
se ima-gens como
 []


Underfull \hbox (badness 1616) in paragraph at lines 4231--4232
\T1/cmtt/m/n/12 benign_15\T1/phv/m/n/12 , \T1/cmtt/m/n/12 benign_33\T1/phv/m/n/
12 , \T1/cmtt/m/n/12 benign_44\T1/phv/m/n/12 , \T1/cmtt/m/n/12 benign_152 \T1/p
hv/m/n/12 e \T1/cmtt/m/n/12 malignant_24\T1/phv/m/n/12 , \T1/cmtt/m/n/12 malign
ant_29\T1/phv/m/n/12 ,
 []

[177] [178] [179] [180

] [181] [182] [183] [184] [185] [186] [187] [188]
[189] [190] [191

] [192]
Underfull \hbox (badness 1924) in paragraph at lines 4596--4597
[]\T1/phv/m/n/12 Quando se ob-serva o pa-no-rama en-tre di-fe-ren-tes exe-cu-çő
es con-so-li-da-das,
 []

[193] [194] [195] [196] [197] [198] [199] [200] [201

] [202] [203] [204]
(exemplo-tcc.bbl [205]
Underfull \hbox (badness 10000) in paragraph at lines 46--50
\T1/cmtt/m/n/12 pt-[]br / assuntos / gestor-[]e-[]profissional-[]de-[]saude / c
ontrole-[]do-[]cancer-[]de-[]mama /
 []


Underfull \hbox (badness 1337) in paragraph at lines 53--57
[]\T1/phv/m/n/12 Instituto Na-ci-o-nal de Cân-cer José Alen-car Go-mes da Silva
. \T1/phv/b/n/12 Pa-râ-me-tros téc-
 []


Underfull \hbox (badness 2856) in paragraph at lines 53--57
\T1/phv/b/n/12 ni-cos para de-tec-çăo pre-coce do cân-cer de mama\T1/phv/m/n/12
 . Ac-ces-sed: 2026-03-
 []

[206

]
Underfull \hbox (badness 10000) in paragraph at lines 60--64
[]\T1/phv/m/n/12 Instituto Na-ci-o-nal de Cân-cer José Alen-car Go-mes da Silva
. \T1/phv/b/n/12 Di-re-tri-zes
 []


Underfull \hbox (badness 1895) in paragraph at lines 60--64
\T1/phv/b/n/12 para a de-tec-çăo pre-coce do cân-cer de mama no Bra-sil\T1/phv/
m/n/12 . Li-vro ins-ti-tu-ci-o-
 []


Underfull \hbox (badness 10000) in paragraph at lines 60--64
\T1/phv/m/n/12 nal. Ac-ces-sed: 2026-03-18, []$\T1/cmtt/m/n/12 https : / / www 
. inca . gov . br / publicacoes / livros /
 []

[207])

Package natbib Warning: There were undefined citations.

[208] 
enddocument/afterlastpage (AED): lastpage setting LastPage.
(exemplo-tcc.aux)
 ***********
LaTeX2e <2025-11-01>
L3 programming layer <2025-12-24>
 ***********
Package rerunfilecheck Info: File `exemplo-tcc.out' has not changed.
(rerunfilecheck)             Checksum: E393A62A90EAA426B139A9C02EDB52E1;57799.
 ) 
Here is how much of TeX's memory you used:
 36920 strings out of 467871
 845924 string characters out of 5416924
 1357919 words of memory out of 5000000
 64221 multiletter control sequences out of 15000+600000
 686900 words of font info for 115 fonts, out of 8000000 for 9000
 1141 hyphenation exceptions out of 8191
 99i,17n,118p,10116b,618s stack positions out of 10000i,1000n,20000p,200000b,200000s
 <C:\Users\ResTIC55\AppData\Local\MiKTeX\fonts/pk/ljfour/jknappen/ec/dpi600\e
ctt1095.pk> <C:\Users\ResTIC55\AppData\Local\MiKTeX\fonts/pk/ljfour/jknappen/ec
/dpi600\ectt1000.pk> <C:\Users\ResTIC55\AppData\Local\MiKTeX\fonts/pk/ljfour/jk
nappen/ec/dpi600\ectt1200.pk><C:/Users/ResTIC55/AppData/Local/Programs/MiKTeX/f
onts/type1/public/amsfonts/cm/cmbx12.pfb><C:/Users/ResTIC55/AppData/Local/Progr
ams/MiKTeX/fonts/type1/public/amsfonts/cm/cmbx8.pfb><C:/Users/ResTIC55/AppData/
Local/Programs/MiKTeX/fonts/type1/public/amsfonts/cm/cmex10.pfb><C:/Users/ResTI
C55/AppData/Local/Programs/MiKTeX/fonts/type1/public/amsfonts/cm/cmmi12.pfb><C:
/Users/ResTIC55/AppData/Local/Programs/MiKTeX/fonts/type1/public/amsfonts/cm/cm
mi6.pfb><C:/Users/ResTIC55/AppData/Local/Programs/MiKTeX/fonts/type1/public/ams
fonts/cm/cmmi8.pfb><C:/Users/ResTIC55/AppData/Local/Programs/MiKTeX/fonts/type1
/public/amsfonts/cm/cmmib10.pfb><C:/Users/ResTIC55/AppData/Local/Programs/MiKTe
X/fonts/type1/public/amsfonts/cmextra/cmmib8.pfb><C:/Users/ResTIC55/AppData/Loc
al/Programs/MiKTeX/fonts/type1/public/amsfonts/cm/cmr12.pfb><C:/Users/ResTIC55/
AppData/Local/Programs/MiKTeX/fonts/type1/public/amsfonts/cm/cmr6.pfb><C:/Users
/ResTIC55/AppData/Local/Programs/MiKTeX/fonts/type1/public/amsfonts/cm/cmr8.pfb
><C:/Users/ResTIC55/AppData/Local/Programs/MiKTeX/fonts/type1/public/amsfonts/c
m/cmsy10.pfb><C:/Users/ResTIC55/AppData/Local/Programs/MiKTeX/fonts/type1/publi
c/amsfonts/cm/cmsy6.pfb><C:/Users/ResTIC55/AppData/Local/Programs/MiKTeX/fonts/
type1/public/amsfonts/cm/cmsy8.pfb><C:/Users/ResTIC55/AppData/Local/Programs/Mi
KTeX/fonts/type1/public/amsfonts/symbols/msbm10.pfb><C:/Users/ResTIC55/AppData/
Local/Programs/MiKTeX/fonts/type1/urw/helvetic/uhvb8a.pfb><C:/Users/ResTIC55/Ap
pData/Local/Programs/MiKTeX/fonts/type1/urw/helvetic/uhvbo8a.pfb><C:/Users/ResT
IC55/AppData/Local/Programs/MiKTeX/fonts/type1/urw/helvetic/uhvr8a.pfb><C:/User
s/ResTIC55/AppData/Local/Programs/MiKTeX/fonts/type1/urw/helvetic/uhvro8a.pfb>
Output written on exemplo-tcc.pdf (208 pages, 1726184 bytes).
PDF statistics:
 3680 PDF objects out of 4296 (max. 8388607)
 959 named destinations out of 1000 (max. 500000)
 2132 words of extra memory for PDF output out of 10000 (max. 10000000)

