\BOOKMARK [0][-]{chapter.1}{\376\377\000I\000n\000t\000r\000o\000d\000u\000\347\000\343\000o}{}% 1
\BOOKMARK [1][-]{section.1.1}{\376\377\000C\000o\000n\000t\000e\000x\000t\000u\000a\000l\000i\000z\000a\000\347\000\343\000o\000\040\000d\000o\000\040\000p\000r\000o\000b\000l\000e\000m\000a}{chapter.1}% 2
\BOOKMARK [2][-]{subsection.1.1.1}{\376\377\000R\000e\000l\000e\000v\000\342\000n\000c\000i\000a\000\040\000d\000o\000\040\000c\000\342\000n\000c\000e\000r\000\040\000d\000e\000\040\000m\000a\000m\000a\000\040\000c\000o\000m\000o\000\040\000p\000r\000o\000b\000l\000e\000m\000a\000\040\000d\000e\000\040\000s\000a\000\372\000d\000e\000\040\000p\000\372\000b\000l\000i\000c\000a}{section.1.1}% 3
\BOOKMARK [2][-]{subsection.1.1.2}{\376\377\000I\000m\000p\000o\000r\000t\000\342\000n\000c\000i\000a\000\040\000d\000o\000\040\000d\000i\000a\000g\000n\000\363\000s\000t\000i\000c\000o\000\040\000p\000o\000r\000\040\000i\000m\000a\000g\000e\000m}{section.1.1}% 4
\BOOKMARK [2][-]{subsection.1.1.3}{\376\377\000C\000r\000e\000s\000c\000e\000n\000t\000e\000\040\000u\000s\000o\000\040\000d\000e\000\040\000I\000n\000t\000e\000l\000i\000g\000\352\000n\000c\000i\000a\000\040\000A\000r\000t\000i\000f\000i\000c\000i\000a\000l\000\040\000n\000a\000\040\000\341\000r\000e\000a\000\040\000m\000\351\000d\000i\000c\000a}{section.1.1}% 5
\BOOKMARK [1][-]{section.1.2}{\376\377\000M\000o\000t\000i\000v\000a\000\347\000\343\000o}{chapter.1}% 6
\BOOKMARK [2][-]{subsection.1.2.1}{\376\377\000D\000e\000s\000a\000f\000i\000o\000s\000\040\000d\000o\000\040\000d\000i\000a\000g\000n\000\363\000s\000t\000i\000c\000o\000\040\000e\000m\000\040\000i\000m\000a\000g\000e\000n\000s\000\040\000d\000e\000\040\000u\000l\000t\000r\000a\000s\000s\000o\000m\000\040\000m\000a\000m\000\341\000r\000i\000o}{section.1.2}% 7
\BOOKMARK [2][-]{subsection.1.2.2}{\376\377\000P\000o\000t\000e\000n\000c\000i\000a\000l\000\040\000d\000a\000s\000\040\000t\000\351\000c\000n\000i\000c\000a\000s\000\040\000d\000e\000\040\000D\000e\000e\000p\000\040\000L\000e\000a\000r\000n\000i\000n\000g\000\040\000c\000o\000m\000o\000\040\000a\000p\000o\000i\000o\000\040\000a\000o\000\040\000d\000i\000a\000g\000n\000\363\000s\000t\000i\000c\000o}{section.1.2}% 8
\BOOKMARK [2][-]{subsection.1.2.3}{\376\377\000J\000u\000s\000t\000i\000f\000i\000c\000a\000t\000i\000v\000a\000\040\000p\000a\000r\000a\000\040\000o\000\040\000u\000s\000o\000\040\000d\000o\000\040\000d\000a\000t\000a\000s\000e\000t\000\040\000B\000U\000S\000I}{section.1.2}% 9
\BOOKMARK [1][-]{section.1.3}{\376\377\000P\000r\000o\000b\000l\000e\000m\000a\000\040\000d\000e\000\040\000p\000e\000s\000q\000u\000i\000s\000a}{chapter.1}% 10
\BOOKMARK [2][-]{subsection.1.3.1}{\376\377\000L\000i\000m\000i\000t\000a\000\347\000\365\000e\000s\000\040\000d\000e\000\040\000a\000b\000o\000r\000d\000a\000g\000e\000n\000s\000\040\000c\000o\000n\000v\000e\000n\000c\000i\000o\000n\000a\000i\000s}{section.1.3}% 11
\BOOKMARK [2][-]{subsection.1.3.2}{\376\377\000N\000e\000c\000e\000s\000s\000i\000d\000a\000d\000e\000\040\000d\000e\000\040\000c\000o\000m\000p\000a\000r\000a\000\347\000\343\000o\000\040\000e\000n\000t\000r\000e\000\040\000a\000r\000q\000u\000i\000t\000e\000t\000u\000r\000a\000s\000\040\000d\000i\000s\000t\000i\000n\000t\000a\000s\000\040\000p\000o\000r\000\040\000t\000a\000r\000e\000f\000a}{section.1.3}% 12
\BOOKMARK [2][-]{subsection.1.3.3}{\376\377\000D\000e\000f\000i\000n\000i\000\347\000\343\000o\000\040\000d\000o\000\040\000p\000r\000o\000b\000l\000e\000m\000a\000\040\000i\000n\000v\000e\000s\000t\000i\000g\000a\000d\000o}{section.1.3}% 13
\BOOKMARK [1][-]{section.1.4}{\376\377\000H\000i\000p\000\363\000t\000e\000s\000e\000\040\000o\000u\000\040\000p\000r\000e\000s\000s\000u\000p\000o\000s\000t\000o\000s}{chapter.1}% 14
\BOOKMARK [2][-]{subsection.1.4.1}{\376\377\000H\000i\000p\000\363\000t\000e\000s\000e\000\040\000p\000a\000r\000a\000\040\000c\000l\000a\000s\000s\000i\000f\000i\000c\000a\000\347\000\343\000o}{section.1.4}% 15
\BOOKMARK [2][-]{subsection.1.4.2}{\376\377\000H\000i\000p\000\363\000t\000e\000s\000e\000\040\000p\000a\000r\000a\000\040\000s\000e\000g\000m\000e\000n\000t\000a\000\347\000\343\000o}{section.1.4}% 16
\BOOKMARK [2][-]{subsection.1.4.3}{\376\377\000R\000e\000l\000a\000\347\000\343\000o\000\040\000e\000n\000t\000r\000e\000\040\000d\000e\000s\000e\000m\000p\000e\000n\000h\000o\000\040\000e\000\040\000c\000u\000s\000t\000o\000\040\000c\000o\000m\000p\000u\000t\000a\000c\000i\000o\000n\000a\000l}{section.1.4}% 17
\BOOKMARK [1][-]{section.1.5}{\376\377\000O\000b\000j\000e\000t\000i\000v\000o\000s}{chapter.1}% 18
\BOOKMARK [2][-]{subsection.1.5.1}{\376\377\000O\000b\000j\000e\000t\000i\000v\000o\000\040\000g\000e\000r\000a\000l}{section.1.5}% 19
\BOOKMARK [2][-]{subsection.1.5.2}{\376\377\000O\000b\000j\000e\000t\000i\000v\000o\000s\000\040\000e\000s\000p\000e\000c\000\355\000f\000i\000c\000o\000s}{section.1.5}% 20
\BOOKMARK [1][-]{section.1.6}{\376\377\000D\000e\000l\000i\000m\000i\000t\000a\000\347\000\343\000o\000\040\000d\000o\000\040\000e\000s\000t\000u\000d\000o}{chapter.1}% 21
\BOOKMARK [2][-]{subsection.1.6.1}{\376\377\000F\000o\000c\000o\000\040\000e\000m\000\040\000i\000m\000a\000g\000e\000n\000s\000\040\000d\000e\000\040\000u\000l\000t\000r\000a\000s\000s\000o\000m\000\040\000m\000a\000m\000\341\000r\000i\000o}{section.1.6}% 22
\BOOKMARK [2][-]{subsection.1.6.2}{\376\377\000R\000e\000s\000t\000r\000i\000\347\000\343\000o\000\040\000a\000o\000\040\000d\000a\000t\000a\000s\000e\000t\000\040\000B\000U\000S\000I}{section.1.6}% 23
\BOOKMARK [2][-]{subsection.1.6.3}{\376\377\000S\000e\000p\000a\000r\000a\000\347\000\343\000o\000\040\000e\000n\000t\000r\000e\000\040\000c\000l\000a\000s\000s\000i\000f\000i\000c\000a\000\347\000\343\000o\000\040\000e\000\040\000s\000e\000g\000m\000e\000n\000t\000a\000\347\000\343\000o}{section.1.6}% 24
\BOOKMARK [1][-]{section.1.7}{\376\377\000M\000e\000t\000o\000d\000o\000l\000o\000g\000i\000a\000\040\000r\000e\000s\000u\000m\000i\000d\000a}{chapter.1}% 25
\BOOKMARK [2][-]{subsection.1.7.1}{\376\377\000E\000s\000t\000r\000u\000t\000u\000r\000a\000\040\000g\000e\000r\000a\000l\000\040\000d\000o\000\040\000p\000i\000p\000e\000l\000i\000n\000e\000\040\000e\000x\000p\000e\000r\000i\000m\000e\000n\000t\000a\000l}{section.1.7}% 26
\BOOKMARK [2][-]{subsection.1.7.2}{\376\377\000M\000o\000d\000e\000l\000o\000s\000\040\000c\000o\000n\000s\000i\000d\000e\000r\000a\000d\000o\000s}{section.1.7}% 27
\BOOKMARK [2][-]{subsection.1.7.3}{\376\377\000M\000\351\000t\000r\000i\000c\000a\000s\000\040\000a\000d\000o\000t\000a\000d\000a\000s}{section.1.7}% 28
\BOOKMARK [1][-]{section.1.8}{\376\377\000O\000r\000g\000a\000n\000i\000z\000a\000\347\000\343\000o\000\040\000d\000o\000\040\000t\000r\000a\000b\000a\000l\000h\000o}{chapter.1}% 29
\BOOKMARK [2][-]{subsection.1.8.1}{\376\377\000D\000e\000s\000c\000r\000i\000\347\000\343\000o\000\040\000d\000o\000s\000\040\000c\000a\000p\000\355\000t\000u\000l\000o\000s}{section.1.8}% 30
\BOOKMARK [2][-]{subsection.1.8.2}{\376\377\000E\000n\000c\000a\000d\000e\000a\000m\000e\000n\000t\000o\000\040\000l\000\363\000g\000i\000c\000o\000\040\000d\000a\000\040\000m\000o\000n\000o\000g\000r\000a\000f\000i\000a}{section.1.8}% 31
\BOOKMARK [0][-]{chapter.2}{\376\377\000F\000u\000n\000d\000a\000m\000e\000n\000t\000a\000\347\000\343\000o\000\040\000T\000e\000\363\000r\000i\000c\000a}{}% 32
\BOOKMARK [1][-]{section.2.1}{\376\377\000C\000\342\000n\000c\000e\000r\000\040\000d\000e\000\040\000m\000a\000m\000a\000\040\000e\000\040\000d\000i\000a\000g\000n\000\363\000s\000t\000i\000c\000o\000\040\000p\000o\000r\000\040\000i\000m\000a\000g\000e\000m}{chapter.2}% 33
\BOOKMARK [2][-]{subsection.2.1.1}{\376\377\000C\000o\000n\000c\000e\000i\000t\000o\000s\000\040\000b\000\341\000s\000i\000c\000o\000s\000\040\000s\000o\000b\000r\000e\000\040\000c\000\342\000n\000c\000e\000r\000\040\000d\000e\000\040\000m\000a\000m\000a}{section.2.1}% 34
\BOOKMARK [2][-]{subsection.2.1.2}{\376\377\000M\000\351\000t\000o\000d\000o\000s\000\040\000d\000e\000\040\000i\000m\000a\000g\000e\000m\000\040\000u\000t\000i\000l\000i\000z\000a\000d\000o\000s\000\040\000n\000o\000\040\000d\000i\000a\000g\000n\000\363\000s\000t\000i\000c\000o}{section.2.1}% 35
\BOOKMARK [2][-]{subsection.2.1.3}{\376\377\000U\000l\000t\000r\000a\000s\000s\000o\000n\000o\000g\000r\000a\000f\000i\000a\000\040\000m\000a\000m\000\341\000r\000i\000a\000:\000\040\000c\000a\000r\000a\000c\000t\000e\000r\000\355\000s\000t\000i\000c\000a\000s\000\040\000e\000\040\000l\000i\000m\000i\000t\000a\000\347\000\365\000e\000s}{section.2.1}% 36
\BOOKMARK [1][-]{section.2.2}{\376\377\000I\000n\000t\000e\000l\000i\000g\000\352\000n\000c\000i\000a\000\040\000A\000r\000t\000i\000f\000i\000c\000i\000a\000l\000\040\000a\000p\000l\000i\000c\000a\000d\000a\000\040\000\340\000\040\000s\000a\000\372\000d\000e}{chapter.2}% 37
\BOOKMARK [2][-]{subsection.2.2.1}{\376\377\000C\000o\000n\000c\000e\000i\000t\000o\000s\000\040\000d\000e\000\040\000I\000A\000,\000\040\000M\000a\000c\000h\000i\000n\000e\000\040\000L\000e\000a\000r\000n\000i\000n\000g\000\040\000e\000\040\000D\000e\000e\000p\000\040\000L\000e\000a\000r\000n\000i\000n\000g}{section.2.2}% 38
\BOOKMARK [2][-]{subsection.2.2.2}{\376\377\000A\000p\000l\000i\000c\000a\000\347\000\365\000e\000s\000\040\000d\000e\000\040\000I\000A\000\040\000e\000m\000\040\000i\000m\000a\000g\000e\000n\000s\000\040\000m\000\351\000d\000i\000c\000a\000s}{section.2.2}% 39
\BOOKMARK [2][-]{subsection.2.2.3}{\376\377\000B\000e\000n\000e\000f\000\355\000c\000i\000o\000s\000,\000\040\000l\000i\000m\000i\000t\000a\000\347\000\365\000e\000s\000\040\000e\000\040\000d\000e\000s\000a\000f\000i\000o\000s\000\040\000c\000l\000\355\000n\000i\000c\000o\000s}{section.2.2}% 40
\BOOKMARK [1][-]{section.2.3}{\376\377\000V\000i\000s\000\343\000o\000\040\000c\000o\000m\000p\000u\000t\000a\000c\000i\000o\000n\000a\000l\000\040\000e\000m\000\040\000i\000m\000a\000g\000e\000n\000s\000\040\000m\000\351\000d\000i\000c\000a\000s}{chapter.2}% 41
\BOOKMARK [2][-]{subsection.2.3.1}{\376\377\000R\000e\000p\000r\000e\000s\000e\000n\000t\000a\000\347\000\343\000o\000\040\000d\000i\000g\000i\000t\000a\000l\000\040\000d\000e\000\040\000i\000m\000a\000g\000e\000n\000s}{section.2.3}% 42
\BOOKMARK [2][-]{subsection.2.3.2}{\376\377\000P\000r\000\351\000-\000p\000r\000o\000c\000e\000s\000s\000a\000m\000e\000n\000t\000o\000\040\000d\000e\000\040\000i\000m\000a\000g\000e\000n\000s\000\040\000m\000\351\000d\000i\000c\000a\000s}{section.2.3}% 43
\BOOKMARK [2][-]{subsection.2.3.3}{\376\377\000E\000x\000t\000r\000a\000\347\000\343\000o\000\040\000e\000\040\000a\000p\000r\000e\000n\000d\000i\000z\000a\000d\000o\000\040\000d\000e\000\040\000c\000a\000r\000a\000c\000t\000e\000r\000\355\000s\000t\000i\000c\000a\000s}{section.2.3}% 44
\BOOKMARK [1][-]{section.2.4}{\376\377\000R\000e\000d\000e\000s\000\040\000n\000e\000u\000r\000a\000i\000s\000\040\000c\000o\000n\000v\000o\000l\000u\000c\000i\000o\000n\000a\000i\000s}{chapter.2}% 45
\BOOKMARK [2][-]{subsection.2.4.1}{\376\377\000C\000o\000n\000c\000e\000i\000t\000o\000s\000\040\000f\000u\000n\000d\000a\000m\000e\000n\000t\000a\000i\000s\000\040\000d\000e\000\040\000C\000N\000N\000s}{section.2.4}% 46
\BOOKMARK [2][-]{subsection.2.4.2}{\376\377\000C\000a\000m\000a\000d\000a\000s\000\040\000c\000o\000n\000v\000o\000l\000u\000c\000i\000o\000n\000a\000i\000s\000,\000\040\000p\000o\000o\000l\000i\000n\000g\000\040\000e\000\040\000f\000u\000n\000\347\000\365\000e\000s\000\040\000d\000e\000\040\000a\000t\000i\000v\000a\000\347\000\343\000o}{section.2.4}% 47
\BOOKMARK [2][-]{subsection.2.4.3}{\376\377\000R\000e\000g\000u\000l\000a\000r\000i\000z\000a\000\347\000\343\000o\000,\000\040\000b\000a\000t\000c\000h\000\040\000n\000o\000r\000m\000a\000l\000i\000z\000a\000t\000i\000o\000n\000\040\000e\000\040\000d\000r\000o\000p\000o\000u\000t}{section.2.4}% 48
\BOOKMARK [2][-]{subsection.2.4.4}{\376\377\000T\000r\000a\000n\000s\000f\000e\000r\000\040\000l\000e\000a\000r\000n\000i\000n\000g\000\040\000e\000\040\000f\000i\000n\000e\000-\000t\000u\000n\000i\000n\000g}{section.2.4}% 49
\BOOKMARK [1][-]{section.2.5}{\376\377\000C\000l\000a\000s\000s\000i\000f\000i\000c\000a\000\347\000\343\000o\000\040\000d\000e\000\040\000i\000m\000a\000g\000e\000n\000s\000\040\000c\000o\000m\000\040\000D\000e\000e\000p\000\040\000L\000e\000a\000r\000n\000i\000n\000g}{chapter.2}% 50
\BOOKMARK [2][-]{subsection.2.5.1}{\376\377\000F\000o\000r\000m\000u\000l\000a\000\347\000\343\000o\000\040\000d\000a\000\040\000t\000a\000r\000e\000f\000a\000\040\000d\000e\000\040\000c\000l\000a\000s\000s\000i\000f\000i\000c\000a\000\347\000\343\000o}{section.2.5}% 51
\BOOKMARK [2][-]{subsection.2.5.2}{\376\377\000D\000e\000s\000a\000f\000i\000o\000s\000\040\000e\000m\000\040\000c\000l\000a\000s\000s\000i\000f\000i\000c\000a\000\347\000\343\000o\000\040\000d\000e\000\040\000i\000m\000a\000g\000e\000n\000s\000\040\000m\000\351\000d\000i\000c\000a\000s}{section.2.5}% 52
\BOOKMARK [2][-]{subsection.2.5.3}{\376\377\000M\000\351\000t\000r\000i\000c\000a\000s\000\040\000d\000e\000\040\000a\000v\000a\000l\000i\000a\000\347\000\343\000o\000\040\000p\000a\000r\000a\000\040\000c\000l\000a\000s\000s\000i\000f\000i\000c\000a\000\347\000\343\000o}{section.2.5}% 53
\BOOKMARK [1][-]{section.2.6}{\376\377\000A\000r\000q\000u\000i\000t\000e\000t\000u\000r\000a\000s\000\040\000p\000a\000r\000a\000\040\000c\000l\000a\000s\000s\000i\000f\000i\000c\000a\000\347\000\343\000o}{chapter.2}% 54
\BOOKMARK [2][-]{subsection.2.6.1}{\376\377\000V\000G\000G\0001\0006}{section.2.6}% 55
\BOOKMARK [2][-]{subsection.2.6.2}{\376\377\000R\000e\000s\000N\000e\000t\0005\0000}{section.2.6}% 56
\BOOKMARK [2][-]{subsection.2.6.3}{\376\377\000E\000f\000f\000i\000c\000i\000e\000n\000t\000N\000e\000t}{section.2.6}% 57
\BOOKMARK [2][-]{subsection.2.6.4}{\376\377\000C\000o\000n\000v\000N\000e\000X\000t}{section.2.6}% 58
\BOOKMARK [1][-]{section.2.7}{\376\377\000S\000e\000g\000m\000e\000n\000t\000a\000\347\000\343\000o\000\040\000d\000e\000\040\000i\000m\000a\000g\000e\000n\000s\000\040\000m\000\351\000d\000i\000c\000a\000s}{chapter.2}% 59
\BOOKMARK [2][-]{subsection.2.7.1}{\376\377\000C\000o\000n\000c\000e\000i\000t\000o\000\040\000d\000e\000\040\000s\000e\000g\000m\000e\000n\000t\000a\000\347\000\343\000o\000\040\000s\000e\000m\000\342\000n\000t\000i\000c\000a}{section.2.7}% 60
\BOOKMARK [2][-]{subsection.2.7.2}{\376\377\000I\000m\000p\000o\000r\000t\000\342\000n\000c\000i\000a\000\040\000d\000a\000\040\000s\000e\000g\000m\000e\000n\000t\000a\000\347\000\343\000o\000\040\000n\000o\000\040\000c\000o\000n\000t\000e\000x\000t\000o\000\040\000c\000l\000\355\000n\000i\000c\000o}{section.2.7}% 61
\BOOKMARK [2][-]{subsection.2.7.3}{\376\377\000M\000\351\000t\000r\000i\000c\000a\000s\000\040\000d\000e\000\040\000a\000v\000a\000l\000i\000a\000\347\000\343\000o\000\040\000p\000a\000r\000a\000\040\000s\000e\000g\000m\000e\000n\000t\000a\000\347\000\343\000o}{section.2.7}% 62
\BOOKMARK [1][-]{section.2.8}{\376\377\000A\000r\000q\000u\000i\000t\000e\000t\000u\000r\000a\000s\000\040\000p\000a\000r\000a\000\040\000s\000e\000g\000m\000e\000n\000t\000a\000\347\000\343\000o}{chapter.2}% 63
\BOOKMARK [2][-]{subsection.2.8.1}{\376\377\000U\000-\000N\000e\000t}{section.2.8}% 64
\BOOKMARK [2][-]{subsection.2.8.2}{\376\377\000A\000t\000t\000e\000n\000t\000i\000o\000n\000\040\000U\000-\000N\000e\000t}{section.2.8}% 65
\BOOKMARK [2][-]{subsection.2.8.3}{\376\377\000U\000-\000N\000e\000t\000+\000+}{section.2.8}% 66
\BOOKMARK [2][-]{subsection.2.8.4}{\376\377\000D\000e\000e\000p\000L\000a\000b\000V\0003\000+}{section.2.8}% 67
\BOOKMARK [1][-]{section.2.9}{\376\377\000T\000\351\000c\000n\000i\000c\000a\000s\000\040\000c\000o\000m\000p\000l\000e\000m\000e\000n\000t\000a\000r\000e\000s}{chapter.2}% 68
\BOOKMARK [2][-]{subsection.2.9.1}{\376\377\000D\000a\000t\000a\000\040\000a\000u\000g\000m\000e\000n\000t\000a\000t\000i\000o\000n}{section.2.9}% 69
\BOOKMARK [2][-]{subsection.2.9.2}{\376\377\000B\000a\000l\000a\000n\000c\000e\000a\000m\000e\000n\000t\000o\000\040\000d\000e\000\040\000c\000l\000a\000s\000s\000e\000s}{section.2.9}% 70
\BOOKMARK [2][-]{subsection.2.9.3}{\376\377\000F\000u\000n\000\347\000\365\000e\000s\000\040\000d\000e\000\040\000p\000e\000r\000d\000a\000\040\000p\000a\000r\000a\000\040\000c\000l\000a\000s\000s\000i\000f\000i\000c\000a\000\347\000\343\000o}{section.2.9}% 71
\BOOKMARK [2][-]{subsection.2.9.4}{\376\377\000F\000u\000n\000\347\000\365\000e\000s\000\040\000d\000e\000\040\000p\000e\000r\000d\000a\000\040\000p\000a\000r\000a\000\040\000s\000e\000g\000m\000e\000n\000t\000a\000\347\000\343\000o}{section.2.9}% 72
\BOOKMARK [1][-]{section.2.10}{\376\377\000T\000r\000a\000b\000a\000l\000h\000o\000s\000\040\000r\000e\000l\000a\000c\000i\000o\000n\000a\000d\000o\000s}{chapter.2}% 73
\BOOKMARK [2][-]{subsection.2.10.1}{\376\377\000E\000s\000t\000u\000d\000o\000s\000\040\000s\000o\000b\000r\000e\000\040\000c\000l\000a\000s\000s\000i\000f\000i\000c\000a\000\347\000\343\000o\000\040\000e\000m\000\040\000u\000l\000t\000r\000a\000s\000s\000o\000m\000\040\000m\000a\000m\000\341\000r\000i\000o}{section.2.10}% 74
\BOOKMARK [2][-]{subsection.2.10.2}{\376\377\000E\000s\000t\000u\000d\000o\000s\000\040\000s\000o\000b\000r\000e\000\040\000s\000e\000g\000m\000e\000n\000t\000a\000\347\000\343\000o\000\040\000e\000m\000\040\000u\000l\000t\000r\000a\000s\000s\000o\000m\000\040\000m\000a\000m\000\341\000r\000i\000o}{section.2.10}% 75
\BOOKMARK [2][-]{subsection.2.10.3}{\376\377\000C\000o\000m\000p\000a\000r\000a\000\347\000\343\000o\000\040\000e\000n\000t\000r\000e\000\040\000l\000i\000t\000e\000r\000a\000t\000u\000r\000a\000\040\000e\000\040\000p\000r\000o\000p\000o\000s\000t\000a\000\040\000d\000o\000\040\000t\000r\000a\000b\000a\000l\000h\000o}{section.2.10}% 76
\BOOKMARK [2][-]{subsection.2.10.4}{\376\377\000L\000a\000c\000u\000n\000a\000s\000\040\000i\000d\000e\000n\000t\000i\000f\000i\000c\000a\000d\000a\000s}{section.2.10}% 77
\BOOKMARK [0][-]{chapter.3}{\376\377\000M\000a\000t\000e\000r\000i\000a\000i\000s\000\040\000e\000\040\000M\000\351\000t\000o\000d\000o\000s}{}% 78
\BOOKMARK [1][-]{section.3.1}{\376\377\000C\000a\000r\000a\000c\000t\000e\000r\000i\000z\000a\000\347\000\343\000o\000\040\000d\000a\000\040\000p\000e\000s\000q\000u\000i\000s\000a}{chapter.3}% 79
\BOOKMARK [2][-]{subsection.3.1.1}{\376\377\000N\000a\000t\000u\000r\000e\000z\000a\000\040\000d\000a\000\040\000p\000e\000s\000q\000u\000i\000s\000a}{section.3.1}% 80
\BOOKMARK [2][-]{subsection.3.1.2}{\376\377\000A\000b\000o\000r\000d\000a\000g\000e\000m\000\040\000m\000e\000t\000o\000d\000o\000l\000\363\000g\000i\000c\000a}{section.3.1}% 81
\BOOKMARK [2][-]{subsection.3.1.3}{\376\377\000E\000s\000t\000r\000a\000t\000\351\000g\000i\000a\000\040\000e\000x\000p\000e\000r\000i\000m\000e\000n\000t\000a\000l}{section.3.1}% 82
\BOOKMARK [1][-]{section.3.2}{\376\377\000A\000m\000b\000i\000e\000n\000t\000e\000\040\000c\000o\000m\000p\000u\000t\000a\000c\000i\000o\000n\000a\000l}{chapter.3}% 83
\BOOKMARK [2][-]{subsection.3.2.1}{\376\377\000L\000i\000n\000g\000u\000a\000g\000e\000n\000s\000,\000\040\000b\000i\000b\000l\000i\000o\000t\000e\000c\000a\000s\000\040\000e\000\040\000f\000r\000a\000m\000e\000w\000o\000r\000k\000s}{section.3.2}% 84
\BOOKMARK [2][-]{subsection.3.2.2}{\376\377\000A\000m\000b\000i\000e\000n\000t\000e\000\040\000d\000e\000\040\000e\000x\000e\000c\000u\000\347\000\343\000o}{section.3.2}% 85
\BOOKMARK [2][-]{subsection.3.2.3}{\376\377\000L\000i\000m\000i\000t\000a\000\347\000\365\000e\000s\000\040\000d\000e\000\040\000h\000a\000r\000d\000w\000a\000r\000e}{section.3.2}% 86
\BOOKMARK [1][-]{section.3.3}{\376\377\000B\000a\000s\000e\000\040\000d\000e\000\040\000d\000a\000d\000o\000s}{chapter.3}% 87
\BOOKMARK [2][-]{subsection.3.3.1}{\376\377\000D\000e\000s\000c\000r\000i\000\347\000\343\000o\000\040\000d\000o\000\040\000B\000U\000S\000I\000\040\000D\000a\000t\000a\000s\000e\000t}{section.3.3}% 88
\BOOKMARK [2][-]{subsection.3.3.2}{\376\377\000D\000i\000s\000t\000r\000i\000b\000u\000i\000\347\000\343\000o\000\040\000d\000a\000s\000\040\000c\000l\000a\000s\000s\000e\000s}{section.3.3}% 89
\BOOKMARK [2][-]{subsection.3.3.3}{\376\377\000E\000s\000t\000r\000u\000t\000u\000r\000a\000\040\000d\000o\000s\000\040\000a\000r\000q\000u\000i\000v\000o\000s\000\040\000e\000\040\000m\000\341\000s\000c\000a\000r\000a\000s}{section.3.3}% 90
\BOOKMARK [2][-]{subsection.3.3.4}{\376\377\000C\000r\000i\000t\000\351\000r\000i\000o\000s\000\040\000d\000e\000\040\000i\000n\000c\000l\000u\000s\000\343\000o\000\040\000e\000\040\000e\000x\000c\000l\000u\000s\000\343\000o}{section.3.3}% 91
\BOOKMARK [1][-]{section.3.4}{\376\377\000P\000r\000e\000p\000a\000r\000a\000\347\000\343\000o\000\040\000d\000o\000s\000\040\000d\000a\000d\000o\000s}{chapter.3}% 92
\BOOKMARK [2][-]{subsection.3.4.1}{\376\377\000O\000r\000g\000a\000n\000i\000z\000a\000\347\000\343\000o\000\040\000d\000o\000s\000\040\000c\000o\000n\000j\000u\000n\000t\000o\000s\000\040\000d\000e\000\040\000t\000r\000e\000i\000n\000o\000,\000\040\000v\000a\000l\000i\000d\000a\000\347\000\343\000o\000\040\000e\000\040\000t\000e\000s\000t\000e}{section.3.4}% 93
\BOOKMARK [2][-]{subsection.3.4.2}{\376\377\000E\000s\000t\000r\000a\000t\000\351\000g\000i\000a\000\040\000d\000e\000\040\000s\000p\000l\000i\000t\000\040\000e\000s\000t\000r\000a\000t\000i\000f\000i\000c\000a\000d\000o}{section.3.4}% 94
\BOOKMARK [2][-]{subsection.3.4.3}{\376\377\000P\000r\000e\000v\000e\000n\000\347\000\343\000o\000\040\000d\000e\000\040\000v\000a\000z\000a\000m\000e\000n\000t\000o\000\040\000d\000e\000\040\000d\000a\000d\000o\000s}{section.3.4}% 95
\BOOKMARK [2][-]{subsection.3.4.4}{\376\377\000P\000a\000d\000r\000o\000n\000i\000z\000a\000\347\000\343\000o\000\040\000d\000o\000s\000\040\000d\000a\000d\000o\000s}{section.3.4}% 96
\BOOKMARK [1][-]{section.3.5}{\376\377\000P\000r\000\351\000-\000p\000r\000o\000c\000e\000s\000s\000a\000m\000e\000n\000t\000o}{chapter.3}% 97
\BOOKMARK [2][-]{subsection.3.5.1}{\376\377\000R\000e\000d\000i\000m\000e\000n\000s\000i\000o\000n\000a\000m\000e\000n\000t\000o\000\040\000d\000a\000s\000\040\000i\000m\000a\000g\000e\000n\000s}{section.3.5}% 98
\BOOKMARK [2][-]{subsection.3.5.2}{\376\377\000N\000o\000r\000m\000a\000l\000i\000z\000a\000\347\000\343\000o}{section.3.5}% 99
\BOOKMARK [2][-]{subsection.3.5.3}{\376\377\000T\000r\000a\000t\000a\000m\000e\000n\000t\000o\000\040\000d\000a\000s\000\040\000m\000\341\000s\000c\000a\000r\000a\000s}{section.3.5}% 100
\BOOKMARK [2][-]{subsection.3.5.4}{\376\377\000V\000e\000r\000i\000f\000i\000c\000a\000\347\000\343\000o\000\040\000v\000i\000s\000u\000a\000l\000\040\000d\000o\000\040\000p\000r\000\351\000-\000p\000r\000o\000c\000e\000s\000s\000a\000m\000e\000n\000t\000o}{section.3.5}% 101
\BOOKMARK [1][-]{section.3.6}{\376\377\000A\000u\000m\000e\000n\000t\000o\000\040\000d\000e\000\040\000d\000a\000d\000o\000s}{chapter.3}% 102
\BOOKMARK [2][-]{subsection.3.6.1}{\376\377\000T\000\351\000c\000n\000i\000c\000a\000s\000\040\000a\000p\000l\000i\000c\000a\000d\000a\000s\000\040\000\340\000\040\000c\000l\000a\000s\000s\000i\000f\000i\000c\000a\000\347\000\343\000o}{section.3.6}% 103
\BOOKMARK [2][-]{subsection.3.6.2}{\376\377\000T\000\351\000c\000n\000i\000c\000a\000s\000\040\000a\000p\000l\000i\000c\000a\000d\000a\000s\000\040\000\340\000\040\000s\000e\000g\000m\000e\000n\000t\000a\000\347\000\343\000o}{section.3.6}% 104
\BOOKMARK [2][-]{subsection.3.6.3}{\376\377\000R\000e\000s\000t\000r\000i\000\347\000\365\000e\000s\000\040\000c\000l\000\355\000n\000i\000c\000a\000s\000\040\000d\000a\000s\000\040\000t\000r\000a\000n\000s\000f\000o\000r\000m\000a\000\347\000\365\000e\000s}{section.3.6}% 105
\BOOKMARK [1][-]{section.3.7}{\376\377\000M\000o\000d\000e\000l\000a\000g\000e\000m\000\040\000e\000x\000p\000e\000r\000i\000m\000e\000n\000t\000a\000l\000\040\040\024\000\040\000c\000l\000a\000s\000s\000i\000f\000i\000c\000a\000\347\000\343\000o}{chapter.3}% 106
\BOOKMARK [2][-]{subsection.3.7.1}{\376\377\000D\000e\000f\000i\000n\000i\000\347\000\343\000o\000\040\000d\000a\000\040\000t\000a\000r\000e\000f\000a}{section.3.7}% 107
\BOOKMARK [2][-]{subsection.3.7.2}{\376\377\000A\000r\000q\000u\000i\000t\000e\000t\000u\000r\000a\000s\000\040\000s\000e\000l\000e\000c\000i\000o\000n\000a\000d\000a\000s}{section.3.7}% 108
\BOOKMARK [2][-]{subsection.3.7.3}{\376\377\000C\000a\000b\000e\000\347\000a\000s\000\040\000d\000e\000\040\000c\000l\000a\000s\000s\000i\000f\000i\000c\000a\000\347\000\343\000o}{section.3.7}% 109
\BOOKMARK [2][-]{subsection.3.7.4}{\376\377\000E\000s\000t\000r\000a\000t\000\351\000g\000i\000a\000s\000\040\000d\000e\000\040\000t\000r\000a\000n\000s\000f\000e\000r\000\040\000l\000e\000a\000r\000n\000i\000n\000g}{section.3.7}% 110
\BOOKMARK [2][-]{subsection.3.7.5}{\376\377\000C\000o\000n\000f\000i\000g\000u\000r\000a\000\347\000\343\000o\000\040\000d\000e\000\040\000t\000r\000e\000i\000n\000o}{section.3.7}% 111
\BOOKMARK [1][-]{section.3.8}{\376\377\000M\000o\000d\000e\000l\000a\000g\000e\000m\000\040\000e\000x\000p\000e\000r\000i\000m\000e\000n\000t\000a\000l\000\040\040\024\000\040\000s\000e\000g\000m\000e\000n\000t\000a\000\347\000\343\000o}{chapter.3}% 112
\BOOKMARK [2][-]{subsection.3.8.1}{\376\377\000D\000e\000f\000i\000n\000i\000\347\000\343\000o\000\040\000d\000a\000\040\000t\000a\000r\000e\000f\000a}{section.3.8}% 113
\BOOKMARK [2][-]{subsection.3.8.2}{\376\377\000A\000r\000q\000u\000i\000t\000e\000t\000u\000r\000a\000s\000\040\000s\000e\000l\000e\000c\000i\000o\000n\000a\000d\000a\000s}{section.3.8}% 114
\BOOKMARK [2][-]{subsection.3.8.3}{\376\377\000E\000s\000t\000r\000a\000t\000\351\000g\000i\000a\000s\000\040\000d\000e\000\040\000t\000r\000e\000i\000n\000a\000m\000e\000n\000t\000o}{section.3.8}% 115
\BOOKMARK [2][-]{subsection.3.8.4}{\376\377\000F\000u\000n\000\347\000\365\000e\000s\000\040\000d\000e\000\040\000p\000e\000r\000d\000a}{section.3.8}% 116
\BOOKMARK [2][-]{subsection.3.8.5}{\376\377\000C\000o\000n\000f\000i\000g\000u\000r\000a\000\347\000\343\000o\000\040\000d\000e\000\040\000t\000r\000e\000i\000n\000o}{section.3.8}% 117
\BOOKMARK [1][-]{section.3.9}{\376\377\000H\000i\000p\000e\000r\000p\000a\000r\000\342\000m\000e\000t\000r\000o\000s\000\040\000e\000\040\000c\000r\000i\000t\000\351\000r\000i\000o\000s\000\040\000d\000e\000\040\000a\000j\000u\000s\000t\000e}{chapter.3}% 118
\BOOKMARK [2][-]{subsection.3.9.1}{\376\377\000T\000a\000x\000a\000\040\000d\000e\000\040\000a\000p\000r\000e\000n\000d\000i\000z\000a\000d\000o}{section.3.9}% 119
\BOOKMARK [2][-]{subsection.3.9.2}{\376\377\000B\000a\000t\000c\000h\000\040\000s\000i\000z\000e}{section.3.9}% 120
\BOOKMARK [2][-]{subsection.3.9.3}{\376\377\000N\000\372\000m\000e\000r\000o\000\040\000d\000e\000\040\000\351\000p\000o\000c\000a\000s}{section.3.9}% 121
\BOOKMARK [2][-]{subsection.3.9.4}{\376\377\000E\000a\000r\000l\000y\000\040\000s\000t\000o\000p\000p\000i\000n\000g\000\040\000e\000\040\000c\000h\000e\000c\000k\000p\000o\000i\000n\000t\000i\000n\000g}{section.3.9}% 122
\BOOKMARK [2][-]{subsection.3.9.5}{\376\377\000C\000r\000i\000t\000\351\000r\000i\000o\000s\000\040\000d\000e\000\040\000s\000e\000l\000e\000\347\000\343\000o\000\040\000d\000o\000s\000\040\000m\000e\000l\000h\000o\000r\000e\000s\000\040\000m\000o\000d\000e\000l\000o\000s}{section.3.9}% 123
\BOOKMARK [1][-]{section.3.10}{\376\377\000M\000\351\000t\000r\000i\000c\000a\000s\000\040\000d\000e\000\040\000a\000v\000a\000l\000i\000a\000\347\000\343\000o}{chapter.3}% 124
\BOOKMARK [2][-]{subsection.3.10.1}{\376\377\000M\000\351\000t\000r\000i\000c\000a\000s\000\040\000d\000e\000\040\000c\000l\000a\000s\000s\000i\000f\000i\000c\000a\000\347\000\343\000o}{section.3.10}% 125
\BOOKMARK [2][-]{subsection.3.10.2}{\376\377\000M\000\351\000t\000r\000i\000c\000a\000s\000\040\000d\000e\000\040\000s\000e\000g\000m\000e\000n\000t\000a\000\347\000\343\000o}{section.3.10}% 126
\BOOKMARK [2][-]{subsection.3.10.3}{\376\377\000M\000\351\000t\000r\000i\000c\000a\000s\000\040\000c\000o\000m\000p\000u\000t\000a\000c\000i\000o\000n\000a\000i\000s}{section.3.10}% 127
\BOOKMARK [1][-]{section.3.11}{\376\377\000P\000r\000o\000c\000e\000d\000i\000m\000e\000n\000t\000o\000\040\000e\000x\000p\000e\000r\000i\000m\000e\000n\000t\000a\000l}{chapter.3}% 128
\BOOKMARK [2][-]{subsection.3.11.1}{\376\377\000E\000t\000a\000p\000a\000s\000\040\000d\000a\000\040\000e\000x\000p\000e\000r\000i\000m\000e\000n\000t\000a\000\347\000\343\000o}{section.3.11}% 129
\BOOKMARK [2][-]{subsection.3.11.2}{\376\377\000R\000e\000p\000r\000o\000d\000u\000t\000i\000b\000i\000l\000i\000d\000a\000d\000e\000\040\000e\000\040\000f\000i\000x\000a\000\347\000\343\000o\000\040\000d\000e\000\040\000s\000e\000e\000d\000s}{section.3.11}% 130
\BOOKMARK [2][-]{subsection.3.11.3}{\376\377\000R\000e\000g\000i\000s\000t\000r\000o\000\040\000e\000\040\000a\000r\000m\000a\000z\000e\000n\000a\000m\000e\000n\000t\000o\000\040\000d\000o\000s\000\040\000r\000e\000s\000u\000l\000t\000a\000d\000o\000s}{section.3.11}% 131
\BOOKMARK [2][-]{subsection.3.11.4}{\376\377\000F\000l\000u\000x\000o\000\040\000g\000e\000r\000a\000l\000\040\000d\000o\000\040\000e\000x\000p\000e\000r\000i\000m\000e\000n\000t\000o}{section.3.11}% 132
\BOOKMARK [0][-]{chapter.4}{\376\377\000R\000e\000s\000u\000l\000t\000a\000d\000o\000s\000\040\040\024\000\040\000C\000l\000a\000s\000s\000i\000f\000i\000c\000a\000\347\000\343\000o}{}% 133
\BOOKMARK [1][-]{section.4.1}{\376\377\000C\000o\000n\000f\000i\000g\000u\000r\000a\000\347\000\343\000o\000\040\000f\000i\000n\000a\000l\000\040\000d\000o\000s\000\040\000e\000x\000p\000e\000r\000i\000m\000e\000n\000t\000o\000s\000\040\000d\000e\000\040\000c\000l\000a\000s\000s\000i\000f\000i\000c\000a\000\347\000\343\000o}{chapter.4}% 134
\BOOKMARK [2][-]{subsection.4.1.1}{\376\377\000M\000o\000d\000e\000l\000o\000s\000\040\000e\000f\000e\000t\000i\000v\000a\000m\000e\000n\000t\000e\000\040\000t\000r\000e\000i\000n\000a\000d\000o\000s}{section.4.1}% 135
\BOOKMARK [2][-]{subsection.4.1.2}{\376\377\000H\000i\000p\000e\000r\000p\000a\000r\000\342\000m\000e\000t\000r\000o\000s\000\040\000a\000d\000o\000t\000a\000d\000o\000s}{section.4.1}% 136
\BOOKMARK [2][-]{subsection.4.1.3}{\376\377\000C\000r\000i\000t\000\351\000r\000i\000o\000\040\000d\000e\000\040\000s\000e\000l\000e\000\347\000\343\000o\000\040\000d\000o\000\040\000m\000e\000l\000h\000o\000r\000\040\000c\000h\000e\000c\000k\000p\000o\000i\000n\000t}{section.4.1}% 137
\BOOKMARK [1][-]{section.4.2}{\376\377\000R\000e\000s\000u\000l\000t\000a\000d\000o\000s\000\040\000q\000u\000a\000n\000t\000i\000t\000a\000t\000i\000v\000o\000s\000\040\000g\000e\000r\000a\000i\000s}{chapter.4}% 138
\BOOKMARK [2][-]{subsection.4.2.1}{\376\377\000T\000a\000b\000e\000l\000a\000\040\000c\000o\000n\000s\000o\000l\000i\000d\000a\000d\000a\000\040\000d\000e\000\040\000m\000\351\000t\000r\000i\000c\000a\000s}{section.4.2}% 139
\BOOKMARK [2][-]{subsection.4.2.2}{\376\377\000C\000o\000m\000p\000a\000r\000a\000\347\000\343\000o\000\040\000e\000n\000t\000r\000e\000\040\000a\000r\000q\000u\000i\000t\000e\000t\000u\000r\000a\000s}{section.4.2}% 140
\BOOKMARK [2][-]{subsection.4.2.3}{\376\377\000M\000e\000l\000h\000o\000r\000\040\000m\000o\000d\000e\000l\000o\000\040\000e\000m\000\040\000d\000e\000s\000e\000m\000p\000e\000n\000h\000o\000\040\000a\000b\000s\000o\000l\000u\000t\000o}{section.4.2}% 141
\BOOKMARK [1][-]{section.4.3}{\376\377\000C\000u\000r\000v\000a\000s\000\040\000d\000e\000\040\000t\000r\000e\000i\000n\000a\000m\000e\000n\000t\000o}{chapter.4}% 142
\BOOKMARK [2][-]{subsection.4.3.1}{\376\377\000L\000o\000s\000s\000\040\000d\000e\000\040\000t\000r\000e\000i\000n\000o\000\040\000e\000\040\000v\000a\000l\000i\000d\000a\000\347\000\343\000o}{section.4.3}% 143
\BOOKMARK [2][-]{subsection.4.3.2}{\376\377\000A\000c\000c\000u\000r\000a\000c\000y\000\040\000d\000e\000\040\000t\000r\000e\000i\000n\000o\000\040\000e\000\040\000v\000a\000l\000i\000d\000a\000\347\000\343\000o}{section.4.3}% 144
\BOOKMARK [2][-]{subsection.4.3.3}{\376\377\000I\000n\000d\000\355\000c\000i\000o\000s\000\040\000d\000e\000\040\000o\000v\000e\000r\000f\000i\000t\000t\000i\000n\000g\000\040\000o\000u\000\040\000u\000n\000d\000e\000r\000f\000i\000t\000t\000i\000n\000g}{section.4.3}% 145
\BOOKMARK [1][-]{section.4.4}{\376\377\000A\000n\000\341\000l\000i\000s\000e\000\040\000p\000o\000r\000\040\000c\000l\000a\000s\000s\000e}{chapter.4}% 146
\BOOKMARK [2][-]{subsection.4.4.1}{\376\377\000D\000e\000s\000e\000m\000p\000e\000n\000h\000o\000\040\000n\000a\000\040\000c\000l\000a\000s\000s\000e\000\040\000b\000e\000n\000i\000g\000n}{section.4.4}% 147
\BOOKMARK [2][-]{subsection.4.4.2}{\376\377\000D\000e\000s\000e\000m\000p\000e\000n\000h\000o\000\040\000n\000a\000\040\000c\000l\000a\000s\000s\000e\000\040\000m\000a\000l\000i\000g\000n\000a\000n\000t}{section.4.4}% 148
\BOOKMARK [2][-]{subsection.4.4.3}{\376\377\000D\000e\000s\000e\000m\000p\000e\000n\000h\000o\000\040\000n\000a\000\040\000c\000l\000a\000s\000s\000e\000\040\000n\000o\000r\000m\000a\000l}{section.4.4}% 149
\BOOKMARK [2][-]{subsection.4.4.4}{\376\377\000S\000e\000n\000s\000i\000b\000i\000l\000i\000d\000a\000d\000e\000\040\000c\000l\000\355\000n\000i\000c\000a\000\040\000d\000a\000\040\000c\000l\000a\000s\000s\000e\000\040\000m\000a\000l\000i\000g\000n\000a\000n\000t}{section.4.4}% 150
\BOOKMARK [1][-]{section.4.5}{\376\377\000M\000a\000t\000r\000i\000z\000e\000s\000\040\000d\000e\000\040\000c\000o\000n\000f\000u\000s\000\343\000o}{chapter.4}% 151
\BOOKMARK [2][-]{subsection.4.5.1}{\376\377\000M\000a\000t\000r\000i\000z\000\040\000d\000e\000\040\000c\000o\000n\000f\000u\000s\000\343\000o\000\040\000d\000o\000\040\000V\000G\000G\0001\0006}{section.4.5}% 152
\BOOKMARK [2][-]{subsection.4.5.2}{\376\377\000M\000a\000t\000r\000i\000z\000\040\000d\000e\000\040\000c\000o\000n\000f\000u\000s\000\343\000o\000\040\000d\000o\000\040\000R\000e\000s\000N\000e\000t\0005\0000}{section.4.5}% 153
\BOOKMARK [2][-]{subsection.4.5.3}{\376\377\000M\000a\000t\000r\000i\000z\000\040\000d\000e\000\040\000c\000o\000n\000f\000u\000s\000\343\000o\000\040\000d\000o\000\040\000E\000f\000f\000i\000c\000i\000e\000n\000t\000N\000e\000t}{section.4.5}% 154
\BOOKMARK [2][-]{subsection.4.5.4}{\376\377\000M\000a\000t\000r\000i\000z\000\040\000d\000e\000\040\000c\000o\000n\000f\000u\000s\000\343\000o\000\040\000d\000o\000\040\000C\000o\000n\000v\000N\000e\000X\000t}{section.4.5}% 155
\BOOKMARK [1][-]{section.4.6}{\376\377\000C\000u\000r\000v\000a\000s\000\040\000R\000O\000C}{chapter.4}% 156
\BOOKMARK [2][-]{subsection.4.6.1}{\376\377\000C\000u\000r\000v\000a\000s\000\040\000R\000O\000C\000\040\000p\000o\000r\000\040\000c\000l\000a\000s\000s\000e}{section.4.6}% 157
\BOOKMARK [2][-]{subsection.4.6.2}{\376\377\000C\000o\000m\000p\000a\000r\000a\000\347\000\343\000o\000\040\000d\000a\000s\000\040\000A\000U\000C\000s}{section.4.6}% 158
\BOOKMARK [2][-]{subsection.4.6.3}{\376\377\000I\000n\000t\000e\000r\000p\000r\000e\000t\000a\000\347\000\343\000o\000\040\000c\000l\000\355\000n\000i\000c\000a\000\040\000d\000o\000s\000\040\000r\000e\000s\000u\000l\000t\000a\000d\000o\000s}{section.4.6}% 159
\BOOKMARK [1][-]{section.4.7}{\376\377\000A\000n\000\341\000l\000i\000s\000e\000\040\000d\000e\000\040\000h\000i\000p\000e\000r\000p\000a\000r\000\342\000m\000e\000t\000r\000o\000s}{chapter.4}% 160
\BOOKMARK [2][-]{subsection.4.7.1}{\376\377\000I\000m\000p\000a\000c\000t\000o\000\040\000d\000a\000\040\000t\000a\000x\000a\000\040\000d\000e\000\040\000a\000p\000r\000e\000n\000d\000i\000z\000a\000d\000o}{section.4.7}% 161
\BOOKMARK [2][-]{subsection.4.7.2}{\376\377\000I\000m\000p\000a\000c\000t\000o\000\040\000d\000o\000\040\000b\000a\000t\000c\000h\000\040\000s\000i\000z\000e}{section.4.7}% 162
\BOOKMARK [2][-]{subsection.4.7.3}{\376\377\000I\000m\000p\000a\000c\000t\000o\000\040\000d\000o\000\040\000f\000i\000n\000e\000-\000t\000u\000n\000i\000n\000g}{section.4.7}% 163
\BOOKMARK [2][-]{subsection.4.7.4}{\376\377\000E\000f\000e\000i\000t\000o\000\040\000d\000o\000\040\000d\000a\000t\000a\000\040\000a\000u\000g\000m\000e\000n\000t\000a\000t\000i\000o\000n}{section.4.7}% 164
\BOOKMARK [1][-]{section.4.8}{\376\377\000C\000u\000s\000t\000o\000\040\000c\000o\000m\000p\000u\000t\000a\000c\000i\000o\000n\000a\000l\000\040\000e\000\040\000i\000n\000f\000e\000r\000\352\000n\000c\000i\000a}{chapter.4}% 165
\BOOKMARK [2][-]{subsection.4.8.1}{\376\377\000N\000\372\000m\000e\000r\000o\000\040\000d\000e\000\040\000p\000a\000r\000\342\000m\000e\000t\000r\000o\000s\000\040\000p\000o\000r\000\040\000m\000o\000d\000e\000l\000o}{section.4.8}% 166
\BOOKMARK [2][-]{subsection.4.8.2}{\376\377\000T\000e\000m\000p\000o\000\040\000d\000e\000\040\000t\000r\000e\000i\000n\000a\000m\000e\000n\000t\000o}{section.4.8}% 167
\BOOKMARK [2][-]{subsection.4.8.3}{\376\377\000T\000e\000m\000p\000o\000\040\000m\000\351\000d\000i\000o\000\040\000d\000e\000\040\000i\000n\000f\000e\000r\000\352\000n\000c\000i\000a\000\040\000p\000o\000r\000\040\000i\000m\000a\000g\000e\000m}{section.4.8}% 168
\BOOKMARK [2][-]{subsection.4.8.4}{\376\377\000T\000r\000a\000d\000e\000-\000o\000f\000f\000\040\000e\000n\000t\000r\000e\000\040\000d\000e\000s\000e\000m\000p\000e\000n\000h\000o\000\040\000e\000\040\000c\000u\000s\000t\000o}{section.4.8}% 169
\BOOKMARK [1][-]{section.4.9}{\376\377\000A\000n\000\341\000l\000i\000s\000e\000\040\000q\000u\000a\000l\000i\000t\000a\000t\000i\000v\000a}{chapter.4}% 170
\BOOKMARK [2][-]{subsection.4.9.1}{\376\377\000E\000x\000e\000m\000p\000l\000o\000s\000\040\000c\000o\000r\000r\000e\000t\000a\000m\000e\000n\000t\000e\000\040\000c\000l\000a\000s\000s\000i\000f\000i\000c\000a\000d\000o\000s}{section.4.9}% 171
\BOOKMARK [2][-]{subsection.4.9.2}{\376\377\000E\000x\000e\000m\000p\000l\000o\000s\000\040\000m\000a\000l\000\040\000c\000l\000a\000s\000s\000i\000f\000i\000c\000a\000d\000o\000s}{section.4.9}% 172
\BOOKMARK [2][-]{subsection.4.9.3}{\376\377\000P\000a\000d\000r\000\365\000e\000s\000\040\000d\000e\000\040\000e\000r\000r\000o\000\040\000o\000b\000s\000e\000r\000v\000a\000d\000o\000s}{section.4.9}% 173
\BOOKMARK [1][-]{section.4.10}{\376\377\000S\000\355\000n\000t\000e\000s\000e\000\040\000d\000o\000s\000\040\000r\000e\000s\000u\000l\000t\000a\000d\000o\000s\000\040\000d\000e\000\040\000c\000l\000a\000s\000s\000i\000f\000i\000c\000a\000\347\000\343\000o}{chapter.4}% 174
\BOOKMARK [2][-]{subsection.4.10.1}{\376\377\000M\000e\000l\000h\000o\000r\000\040\000m\000o\000d\000e\000l\000o\000\040\000g\000l\000o\000b\000a\000l}{section.4.10}% 175
\BOOKMARK [2][-]{subsection.4.10.2}{\376\377\000M\000e\000l\000h\000o\000r\000\040\000m\000o\000d\000e\000l\000o\000\040\000c\000u\000s\000t\000o\000-\000b\000e\000n\000e\000f\000\355\000c\000i\000o}{section.4.10}% 176
\BOOKMARK [2][-]{subsection.4.10.3}{\376\377\000L\000i\000m\000i\000t\000a\000\347\000\365\000e\000s\000\040\000o\000b\000s\000e\000r\000v\000a\000d\000a\000s}{section.4.10}% 177
\BOOKMARK [0][-]{chapter.5}{\376\377\000R\000e\000s\000u\000l\000t\000a\000d\000o\000s\000\040\040\024\000\040\000S\000e\000g\000m\000e\000n\000t\000a\000\347\000\343\000o}{}% 178
\BOOKMARK [1][-]{section.5.1}{\376\377\000C\000o\000n\000f\000i\000g\000u\000r\000a\000\347\000\343\000o\000\040\000f\000i\000n\000a\000l\000\040\000d\000o\000s\000\040\000e\000x\000p\000e\000r\000i\000m\000e\000n\000t\000o\000s\000\040\000d\000e\000\040\000s\000e\000g\000m\000e\000n\000t\000a\000\347\000\343\000o}{chapter.5}% 179
\BOOKMARK [2][-]{subsection.5.1.1}{\376\377\000M\000o\000d\000e\000l\000o\000s\000\040\000e\000f\000e\000t\000i\000v\000a\000m\000e\000n\000t\000e\000\040\000t\000r\000e\000i\000n\000a\000d\000o\000s}{section.5.1}% 180
\BOOKMARK [2][-]{subsection.5.1.2}{\376\377\000H\000i\000p\000e\000r\000p\000a\000r\000\342\000m\000e\000t\000r\000o\000s\000\040\000a\000d\000o\000t\000a\000d\000o\000s}{section.5.1}% 181
\BOOKMARK [2][-]{subsection.5.1.3}{\376\377\000F\000u\000n\000\347\000\365\000e\000s\000\040\000d\000e\000\040\000p\000e\000r\000d\000a\000\040\000u\000t\000i\000l\000i\000z\000a\000d\000a\000s}{section.5.1}% 182
\BOOKMARK [1][-]{section.5.2}{\376\377\000R\000e\000s\000u\000l\000t\000a\000d\000o\000s\000\040\000q\000u\000a\000n\000t\000i\000t\000a\000t\000i\000v\000o\000s\000\040\000g\000e\000r\000a\000i\000s}{chapter.5}% 183
\BOOKMARK [2][-]{subsection.5.2.1}{\376\377\000T\000a\000b\000e\000l\000a\000\040\000c\000o\000n\000s\000o\000l\000i\000d\000a\000d\000a\000\040\000d\000e\000\040\000m\000\351\000t\000r\000i\000c\000a\000s}{section.5.2}% 184
\BOOKMARK [2][-]{subsection.5.2.2}{\376\377\000C\000o\000m\000p\000a\000r\000a\000\347\000\343\000o\000\040\000e\000n\000t\000r\000e\000\040\000a\000r\000q\000u\000i\000t\000e\000t\000u\000r\000a\000s}{section.5.2}% 185
\BOOKMARK [2][-]{subsection.5.2.3}{\376\377\000M\000e\000l\000h\000o\000r\000\040\000m\000o\000d\000e\000l\000o\000\040\000e\000m\000\040\000d\000e\000s\000e\000m\000p\000e\000n\000h\000o\000\040\000a\000b\000s\000o\000l\000u\000t\000o}{section.5.2}% 186
\BOOKMARK [1][-]{section.5.3}{\376\377\000C\000u\000r\000v\000a\000s\000\040\000d\000e\000\040\000t\000r\000e\000i\000n\000a\000m\000e\000n\000t\000o}{chapter.5}% 187
\BOOKMARK [2][-]{subsection.5.3.1}{\376\377\000L\000o\000s\000s\000\040\000d\000e\000\040\000t\000r\000e\000i\000n\000o\000\040\000e\000\040\000v\000a\000l\000i\000d\000a\000\347\000\343\000o}{section.5.3}% 188
\BOOKMARK [2][-]{subsection.5.3.2}{\376\377\000I\000o\000U\000\040\000d\000e\000\040\000t\000r\000e\000i\000n\000o\000\040\000e\000\040\000v\000a\000l\000i\000d\000a\000\347\000\343\000o}{section.5.3}% 189
\BOOKMARK [2][-]{subsection.5.3.3}{\376\377\000D\000i\000c\000e\000\040\000S\000c\000o\000r\000e\000\040\000d\000e\000\040\000t\000r\000e\000i\000n\000o\000\040\000e\000\040\000v\000a\000l\000i\000d\000a\000\347\000\343\000o}{section.5.3}% 190
\BOOKMARK [2][-]{subsection.5.3.4}{\376\377\000E\000s\000t\000a\000b\000i\000l\000i\000d\000a\000d\000e\000\040\000d\000o\000\040\000t\000r\000e\000i\000n\000a\000m\000e\000n\000t\000o}{section.5.3}% 191
\BOOKMARK [1][-]{section.5.4}{\376\377\000C\000o\000m\000p\000a\000r\000a\000\347\000\343\000o\000\040\000q\000u\000a\000n\000t\000i\000t\000a\000t\000i\000v\000a\000\040\000d\000o\000s\000\040\000m\000o\000d\000e\000l\000o\000s}{chapter.5}% 192
\BOOKMARK [2][-]{subsection.5.4.1}{\376\377\000U\000-\000N\000e\000t}{section.5.4}% 193
\BOOKMARK [2][-]{subsection.5.4.2}{\376\377\000A\000t\000t\000e\000n\000t\000i\000o\000n\000\040\000U\000-\000N\000e\000t}{section.5.4}% 194
\BOOKMARK [2][-]{subsection.5.4.3}{\376\377\000U\000-\000N\000e\000t\000+\000+}{section.5.4}% 195
\BOOKMARK [2][-]{subsection.5.4.4}{\376\377\000D\000e\000e\000p\000L\000a\000b\000V\0003\000+}{section.5.4}% 196
\BOOKMARK [1][-]{section.5.5}{\376\377\000A\000n\000\341\000l\000i\000s\000e\000\040\000q\000u\000a\000l\000i\000t\000a\000t\000i\000v\000a\000\040\000d\000a\000\040\000s\000e\000g\000m\000e\000n\000t\000a\000\347\000\343\000o}{chapter.5}% 197
\BOOKMARK [2][-]{subsection.5.5.1}{\376\377\000C\000a\000s\000o\000s\000\040\000c\000o\000m\000\040\000s\000e\000g\000m\000e\000n\000t\000a\000\347\000\343\000o\000\040\000a\000d\000e\000q\000u\000a\000d\000a}{section.5.5}% 198
\BOOKMARK [2][-]{subsection.5.5.2}{\376\377\000C\000a\000s\000o\000s\000\040\000c\000o\000m\000\040\000s\000u\000b\000s\000e\000g\000m\000e\000n\000t\000a\000\347\000\343\000o}{section.5.5}% 199
\BOOKMARK [2][-]{subsection.5.5.3}{\376\377\000C\000a\000s\000o\000s\000\040\000c\000o\000m\000\040\000s\000o\000b\000r\000e\000s\000e\000g\000m\000e\000n\000t\000a\000\347\000\343\000o}{section.5.5}% 200
\BOOKMARK [2][-]{subsection.5.5.4}{\376\377\000C\000a\000s\000o\000s\000\040\000d\000i\000f\000\355\000c\000e\000i\000s\000\040\000e\000\040\000a\000m\000b\000i\000g\000u\000i\000d\000a\000d\000e\000s\000\040\000v\000i\000s\000u\000a\000i\000s}{section.5.5}% 201
\BOOKMARK [1][-]{section.5.6}{\376\377\000C\000o\000m\000p\000a\000r\000a\000\347\000\343\000o\000\040\000v\000i\000s\000u\000a\000l\000\040\000e\000n\000t\000r\000e\000\040\000g\000r\000o\000u\000n\000d\000\040\000t\000r\000u\000t\000h\000\040\000e\000\040\000p\000r\000e\000d\000i\000\347\000\343\000o}{chapter.5}% 202
\BOOKMARK [2][-]{subsection.5.6.1}{\376\377\000I\000m\000a\000g\000e\000m\000\040\000o\000r\000i\000g\000i\000n\000a\000l}{section.5.6}% 203
\BOOKMARK [2][-]{subsection.5.6.2}{\376\377\000M\000\341\000s\000c\000a\000r\000a\000\040\000d\000e\000\040\000r\000e\000f\000e\000r\000\352\000n\000c\000i\000a}{section.5.6}% 204
\BOOKMARK [2][-]{subsection.5.6.3}{\376\377\000M\000\341\000s\000c\000a\000r\000a\000\040\000p\000r\000e\000d\000i\000t\000a}{section.5.6}% 205
\BOOKMARK [2][-]{subsection.5.6.4}{\376\377\000O\000v\000e\000r\000l\000a\000y\000\040\000c\000o\000m\000p\000a\000r\000a\000t\000i\000v\000o}{section.5.6}% 206
\BOOKMARK [1][-]{section.5.7}{\376\377\000A\000n\000\341\000l\000i\000s\000e\000\040\000d\000e\000\040\000h\000i\000p\000e\000r\000p\000a\000r\000\342\000m\000e\000t\000r\000o\000s}{chapter.5}% 207
\BOOKMARK [2][-]{subsection.5.7.1}{\376\377\000I\000m\000p\000a\000c\000t\000o\000\040\000d\000a\000\040\000t\000a\000x\000a\000\040\000d\000e\000\040\000a\000p\000r\000e\000n\000d\000i\000z\000a\000d\000o}{section.5.7}% 208
\BOOKMARK [2][-]{subsection.5.7.2}{\376\377\000I\000m\000p\000a\000c\000t\000o\000\040\000d\000o\000\040\000t\000a\000m\000a\000n\000h\000o\000\040\000d\000e\000\040\000e\000n\000t\000r\000a\000d\000a}{section.5.7}% 209
\BOOKMARK [2][-]{subsection.5.7.3}{\376\377\000I\000m\000p\000a\000c\000t\000o\000\040\000d\000a\000\040\000f\000u\000n\000\347\000\343\000o\000\040\000d\000e\000\040\000p\000e\000r\000d\000a}{section.5.7}% 210
\BOOKMARK [2][-]{subsection.5.7.4}{\376\377\000E\000f\000e\000i\000t\000o\000\040\000d\000o\000\040\000d\000a\000t\000a\000\040\000a\000u\000g\000m\000e\000n\000t\000a\000t\000i\000o\000n}{section.5.7}% 211
\BOOKMARK [1][-]{section.5.8}{\376\377\000C\000u\000s\000t\000o\000\040\000c\000o\000m\000p\000u\000t\000a\000c\000i\000o\000n\000a\000l\000\040\000e\000\040\000i\000n\000f\000e\000r\000\352\000n\000c\000i\000a}{chapter.5}% 212
\BOOKMARK [2][-]{subsection.5.8.1}{\376\377\000N\000\372\000m\000e\000r\000o\000\040\000d\000e\000\040\000p\000a\000r\000\342\000m\000e\000t\000r\000o\000s\000\040\000p\000o\000r\000\040\000m\000o\000d\000e\000l\000o}{section.5.8}% 213
\BOOKMARK [2][-]{subsection.5.8.2}{\376\377\000T\000e\000m\000p\000o\000\040\000d\000e\000\040\000t\000r\000e\000i\000n\000a\000m\000e\000n\000t\000o}{section.5.8}% 214
\BOOKMARK [2][-]{subsection.5.8.3}{\376\377\000T\000e\000m\000p\000o\000\040\000m\000\351\000d\000i\000o\000\040\000d\000e\000\040\000i\000n\000f\000e\000r\000\352\000n\000c\000i\000a\000\040\000p\000o\000r\000\040\000i\000m\000a\000g\000e\000m}{section.5.8}% 215
\BOOKMARK [2][-]{subsection.5.8.4}{\376\377\000C\000o\000m\000p\000a\000r\000a\000\347\000\343\000o\000\040\000e\000n\000t\000r\000e\000\040\000d\000e\000s\000e\000m\000p\000e\000n\000h\000o\000\040\000e\000\040\000c\000u\000s\000t\000o}{section.5.8}% 216
\BOOKMARK [1][-]{section.5.9}{\376\377\000S\000\355\000n\000t\000e\000s\000e\000\040\000d\000o\000s\000\040\000r\000e\000s\000u\000l\000t\000a\000d\000o\000s\000\040\000d\000e\000\040\000s\000e\000g\000m\000e\000n\000t\000a\000\347\000\343\000o}{chapter.5}% 217
\BOOKMARK [2][-]{subsection.5.9.1}{\376\377\000M\000e\000l\000h\000o\000r\000\040\000m\000o\000d\000e\000l\000o\000\040\000g\000l\000o\000b\000a\000l}{section.5.9}% 218
\BOOKMARK [2][-]{subsection.5.9.2}{\376\377\000M\000e\000l\000h\000o\000r\000\040\000m\000o\000d\000e\000l\000o\000\040\000e\000m\000\040\000e\000q\000u\000i\000l\000\355\000b\000r\000i\000o\000\040\000d\000e\000s\000e\000m\000p\000e\000n\000h\000o\000/\000c\000u\000s\000t\000o}{section.5.9}% 219
\BOOKMARK [2][-]{subsection.5.9.3}{\376\377\000P\000r\000i\000n\000c\000i\000p\000a\000i\000s\000\040\000l\000i\000m\000i\000t\000a\000\347\000\365\000e\000s\000\040\000o\000b\000s\000e\000r\000v\000a\000d\000a\000s}{section.5.9}% 220
\BOOKMARK [0][-]{chapter.6}{\376\377\000D\000i\000s\000c\000u\000s\000s\000\343\000o}{}% 221
\BOOKMARK [1][-]{section.6.1}{\376\377\000D\000i\000s\000c\000u\000s\000s\000\343\000o\000\040\000d\000o\000s\000\040\000r\000e\000s\000u\000l\000t\000a\000d\000o\000s\000\040\000d\000e\000\040\000c\000l\000a\000s\000s\000i\000f\000i\000c\000a\000\347\000\343\000o}{chapter.6}% 222
\BOOKMARK [2][-]{subsection.6.1.1}{\376\377\000I\000n\000t\000e\000r\000p\000r\000e\000t\000a\000\347\000\343\000o\000\040\000d\000o\000s\000\040\000g\000a\000n\000h\000o\000s\000\040\000e\000n\000t\000r\000e\000\040\000a\000r\000q\000u\000i\000t\000e\000t\000u\000r\000a\000s}{section.6.1}% 223
\BOOKMARK [2][-]{subsection.6.1.2}{\376\377\000S\000e\000n\000s\000i\000b\000i\000l\000i\000d\000a\000d\000e\000\040\000p\000a\000r\000a\000\040\000l\000e\000s\000\365\000e\000s\000\040\000m\000a\000l\000i\000g\000n\000a\000s}{section.6.1}% 224
\BOOKMARK [2][-]{subsection.6.1.3}{\376\377\000R\000o\000b\000u\000s\000t\000e\000z\000\040\000d\000o\000s\000\040\000m\000o\000d\000e\000l\000o\000s}{section.6.1}% 225
\BOOKMARK [1][-]{section.6.2}{\376\377\000D\000i\000s\000c\000u\000s\000s\000\343\000o\000\040\000d\000o\000s\000\040\000r\000e\000s\000u\000l\000t\000a\000d\000o\000s\000\040\000d\000e\000\040\000s\000e\000g\000m\000e\000n\000t\000a\000\347\000\343\000o}{chapter.6}% 226
\BOOKMARK [2][-]{subsection.6.2.1}{\376\377\000I\000m\000p\000a\000c\000t\000o\000\040\000d\000a\000\040\000a\000t\000e\000n\000\347\000\343\000o\000\040\000n\000a\000\040\000s\000e\000g\000m\000e\000n\000t\000a\000\347\000\343\000o}{section.6.2}% 227
\BOOKMARK [2][-]{subsection.6.2.2}{\376\377\000G\000a\000n\000h\000o\000s\000\040\000e\000s\000t\000r\000u\000t\000u\000r\000a\000i\000s\000\040\000d\000e\000\040\000a\000r\000q\000u\000i\000t\000e\000t\000u\000r\000a\000s\000\040\000m\000a\000i\000s\000\040\000c\000o\000m\000p\000l\000e\000x\000a\000s}{section.6.2}% 228
\BOOKMARK [2][-]{subsection.6.2.3}{\376\377\000L\000i\000m\000i\000t\000a\000\347\000\365\000e\000s\000\040\000n\000a\000\040\000d\000e\000l\000i\000m\000i\000t\000a\000\347\000\343\000o\000\040\000d\000a\000s\000\040\000l\000e\000s\000\365\000e\000s}{section.6.2}% 229
\BOOKMARK [1][-]{section.6.3}{\376\377\000C\000o\000m\000p\000a\000r\000a\000\347\000\343\000o\000\040\000e\000n\000t\000r\000e\000\040\000d\000e\000s\000e\000m\000p\000e\000n\000h\000o\000\040\000e\000\040\000c\000u\000s\000t\000o\000\040\000c\000o\000m\000p\000u\000t\000a\000c\000i\000o\000n\000a\000l}{chapter.6}% 230
\BOOKMARK [2][-]{subsection.6.3.1}{\376\377\000M\000e\000l\000h\000o\000r\000\040\000m\000o\000d\000e\000l\000o\000\040\000a\000b\000s\000o\000l\000u\000t\000o\000\040\000v\000e\000r\000s\000u\000s\000\040\000m\000e\000l\000h\000o\000r\000\040\000c\000u\000s\000t\000o\000-\000b\000e\000n\000e\000f\000\355\000c\000i\000o}{section.6.3}% 231
\BOOKMARK [2][-]{subsection.6.3.2}{\376\377\000V\000i\000a\000b\000i\000l\000i\000d\000a\000d\000e\000\040\000p\000r\000\341\000t\000i\000c\000a\000\040\000e\000m\000\040\000a\000m\000b\000i\000e\000n\000t\000e\000s\000\040\000c\000o\000m\000\040\000r\000e\000c\000u\000r\000s\000o\000s\000\040\000l\000i\000m\000i\000t\000a\000d\000o\000s}{section.6.3}% 232
\BOOKMARK [2][-]{subsection.6.3.3}{\376\377\000C\000o\000n\000s\000i\000d\000e\000r\000a\000\347\000\365\000e\000s\000\040\000s\000o\000b\000r\000e\000\040\000t\000e\000m\000p\000o\000\040\000d\000e\000\040\000i\000n\000f\000e\000r\000\352\000n\000c\000i\000a}{section.6.3}% 233
\BOOKMARK [1][-]{section.6.4}{\376\377\000R\000e\000l\000a\000\347\000\343\000o\000\040\000c\000o\000m\000\040\000o\000s\000\040\000t\000r\000a\000b\000a\000l\000h\000o\000s\000\040\000r\000e\000l\000a\000c\000i\000o\000n\000a\000d\000o\000s}{chapter.6}% 234
\BOOKMARK [2][-]{subsection.6.4.1}{\376\377\000S\000i\000m\000i\000l\000a\000r\000i\000d\000a\000d\000e\000s\000\040\000c\000o\000m\000\040\000a\000\040\000l\000i\000t\000e\000r\000a\000t\000u\000r\000a}{section.6.4}% 235
\BOOKMARK [2][-]{subsection.6.4.2}{\376\377\000D\000i\000f\000e\000r\000e\000n\000\347\000a\000s\000\040\000e\000m\000\040\000m\000e\000t\000o\000d\000o\000l\000o\000g\000i\000a\000\040\000e\000\040\000r\000e\000s\000u\000l\000t\000a\000d\000o\000s}{section.6.4}% 236
\BOOKMARK [2][-]{subsection.6.4.3}{\376\377\000C\000o\000n\000t\000r\000i\000b\000u\000i\000\347\000\343\000o\000\040\000d\000o\000\040\000t\000r\000a\000b\000a\000l\000h\000o\000\040\000f\000r\000e\000n\000t\000e\000\040\000\340\000\040\000l\000i\000t\000e\000r\000a\000t\000u\000r\000a}{section.6.4}% 237
\BOOKMARK [1][-]{section.6.5}{\376\377\000L\000i\000m\000i\000t\000a\000\347\000\365\000e\000s\000\040\000d\000o\000\040\000e\000s\000t\000u\000d\000o}{chapter.6}% 238
\BOOKMARK [2][-]{subsection.6.5.1}{\376\377\000U\000s\000o\000\040\000d\000e\000\040\000u\000m\000\040\000\372\000n\000i\000c\000o\000\040\000d\000a\000t\000a\000s\000e\000t}{section.6.5}% 239
\BOOKMARK [2][-]{subsection.6.5.2}{\376\377\000T\000a\000m\000a\000n\000h\000o\000\040\000d\000a\000\040\000b\000a\000s\000e\000\040\000d\000e\000\040\000d\000a\000d\000o\000s}{section.6.5}% 240
\BOOKMARK [2][-]{subsection.6.5.3}{\376\377\000L\000i\000m\000i\000t\000a\000\347\000\365\000e\000s\000\040\000d\000e\000\040\000h\000a\000r\000d\000w\000a\000r\000e}{section.6.5}% 241
\BOOKMARK [2][-]{subsection.6.5.4}{\376\377\000R\000e\000s\000t\000r\000i\000\347\000\365\000e\000s\000\040\000m\000e\000t\000o\000d\000o\000l\000\363\000g\000i\000c\000a\000s}{section.6.5}% 242
\BOOKMARK [1][-]{section.6.6}{\376\377\000I\000m\000p\000l\000i\000c\000a\000\347\000\365\000e\000s\000\040\000p\000r\000\341\000t\000i\000c\000a\000s}{chapter.6}% 243
\BOOKMARK [2][-]{subsection.6.6.1}{\376\377\000U\000s\000o\000\040\000c\000o\000m\000o\000\040\000a\000p\000o\000i\000o\000\040\000a\000o\000\040\000d\000i\000a\000g\000n\000\363\000s\000t\000i\000c\000o}{section.6.6}% 244
\BOOKMARK [2][-]{subsection.6.6.2}{\376\377\000P\000o\000t\000e\000n\000c\000i\000a\000l\000\040\000d\000e\000\040\000a\000p\000l\000i\000c\000a\000\347\000\343\000o\000\040\000a\000c\000a\000d\000\352\000m\000i\000c\000a\000\040\000e\000\040\000c\000l\000\355\000n\000i\000c\000a}{section.6.6}% 245
\BOOKMARK [2][-]{subsection.6.6.3}{\376\377\000C\000u\000i\000d\000a\000d\000o\000s\000\040\000\351\000t\000i\000c\000o\000s\000\040\000e\000\040\000i\000n\000t\000e\000r\000p\000r\000e\000t\000a\000t\000i\000v\000o\000s}{section.6.6}% 246
\BOOKMARK [0][-]{chapter.7}{\376\377\000C\000o\000n\000c\000l\000u\000s\000\343\000o}{}% 247
\BOOKMARK [1][-]{section.7.1}{\376\377\000R\000e\000t\000o\000m\000a\000d\000a\000\040\000d\000o\000\040\000p\000r\000o\000b\000l\000e\000m\000a\000\040\000d\000e\000\040\000p\000e\000s\000q\000u\000i\000s\000a}{chapter.7}% 248
\BOOKMARK [2][-]{subsection.7.1.1}{\376\377\000S\000\355\000n\000t\000e\000s\000e\000\040\000d\000o\000\040\000c\000o\000n\000t\000e\000x\000t\000o\000\040\000e\000\040\000m\000o\000t\000i\000v\000a\000\347\000\343\000o}{section.7.1}% 249
\BOOKMARK [2][-]{subsection.7.1.2}{\376\377\000R\000e\000s\000p\000o\000s\000t\000a\000\040\000a\000o\000\040\000p\000r\000o\000b\000l\000e\000m\000a\000\040\000p\000r\000o\000p\000o\000s\000t\000o}{section.7.1}% 250
\BOOKMARK [1][-]{section.7.2}{\376\377\000P\000r\000i\000n\000c\000i\000p\000a\000i\000s\000\040\000a\000c\000h\000a\000d\000o\000s}{chapter.7}% 251
\BOOKMARK [2][-]{subsection.7.2.1}{\376\377\000A\000c\000h\000a\000d\000o\000s\000\040\000n\000a\000\040\000c\000l\000a\000s\000s\000i\000f\000i\000c\000a\000\347\000\343\000o}{section.7.2}% 252
\BOOKMARK [2][-]{subsection.7.2.2}{\376\377\000A\000c\000h\000a\000d\000o\000s\000\040\000n\000a\000\040\000s\000e\000g\000m\000e\000n\000t\000a\000\347\000\343\000o}{section.7.2}% 253
\BOOKMARK [2][-]{subsection.7.2.3}{\376\377\000A\000c\000h\000a\000d\000o\000s\000\040\000s\000o\000b\000r\000e\000\040\000c\000u\000s\000t\000o\000\040\000c\000o\000m\000p\000u\000t\000a\000c\000i\000o\000n\000a\000l}{section.7.2}% 254
\BOOKMARK [1][-]{section.7.3}{\376\377\000C\000o\000n\000t\000r\000i\000b\000u\000i\000\347\000\365\000e\000s\000\040\000d\000o\000\040\000t\000r\000a\000b\000a\000l\000h\000o}{chapter.7}% 255
\BOOKMARK [2][-]{subsection.7.3.1}{\376\377\000C\000o\000n\000t\000r\000i\000b\000u\000i\000\347\000\365\000e\000s\000\040\000t\000\351\000c\000n\000i\000c\000a\000s}{section.7.3}% 256
\BOOKMARK [2][-]{subsection.7.3.2}{\376\377\000C\000o\000n\000t\000r\000i\000b\000u\000i\000\347\000\365\000e\000s\000\040\000m\000e\000t\000o\000d\000o\000l\000\363\000g\000i\000c\000a\000s}{section.7.3}% 257
\BOOKMARK [2][-]{subsection.7.3.3}{\376\377\000C\000o\000n\000t\000r\000i\000b\000u\000i\000\347\000\365\000e\000s\000\040\000a\000c\000a\000d\000\352\000m\000i\000c\000a\000s}{section.7.3}% 258
\BOOKMARK [1][-]{section.7.4}{\376\377\000L\000i\000m\000i\000t\000a\000\347\000\365\000e\000s\000\040\000f\000i\000n\000a\000i\000s}{chapter.7}% 259
\BOOKMARK [2][-]{subsection.7.4.1}{\376\377\000L\000i\000m\000i\000t\000a\000\347\000\365\000e\000s\000\040\000e\000x\000p\000e\000r\000i\000m\000e\000n\000t\000a\000i\000s}{section.7.4}% 260
\BOOKMARK [2][-]{subsection.7.4.2}{\376\377\000L\000i\000m\000i\000t\000a\000\347\000\365\000e\000s\000\040\000d\000e\000\040\000g\000e\000n\000e\000r\000a\000l\000i\000z\000a\000\347\000\343\000o}{section.7.4}% 261
\BOOKMARK [1][-]{section.7.5}{\376\377\000T\000r\000a\000b\000a\000l\000h\000o\000s\000\040\000f\000u\000t\000u\000r\000o\000s}{chapter.7}% 262
\BOOKMARK [2][-]{subsection.7.5.1}{\376\377\000U\000s\000o\000\040\000d\000e\000\040\000m\000\372\000l\000t\000i\000p\000l\000o\000s\000\040\000d\000a\000t\000a\000s\000e\000t\000s}{section.7.5}% 263
\BOOKMARK [2][-]{subsection.7.5.2}{\376\377\000V\000a\000l\000i\000d\000a\000\347\000\343\000o\000\040\000c\000r\000u\000z\000a\000d\000a\000\040\000e\000\040\000a\000n\000\341\000l\000i\000s\000e\000\040\000e\000s\000t\000a\000t\000\355\000s\000t\000i\000c\000a}{section.7.5}% 264
\BOOKMARK [2][-]{subsection.7.5.3}{\376\377\000I\000n\000c\000l\000u\000s\000\343\000o\000\040\000d\000e\000\040\000m\000o\000d\000e\000l\000o\000s\000\040\000a\000d\000i\000c\000i\000o\000n\000a\000i\000s}{section.7.5}% 265
\BOOKMARK [2][-]{subsection.7.5.4}{\376\377\000E\000x\000p\000l\000i\000c\000a\000b\000i\000l\000i\000d\000a\000d\000e\000\040\000e\000\040\000i\000n\000t\000e\000r\000p\000r\000e\000t\000a\000b\000i\000l\000i\000d\000a\000d\000e}{section.7.5}% 266
\BOOKMARK [2][-]{subsection.7.5.5}{\376\377\000I\000n\000t\000e\000g\000r\000a\000\347\000\343\000o\000\040\000e\000n\000t\000r\000e\000\040\000c\000l\000a\000s\000s\000i\000f\000i\000c\000a\000\347\000\343\000o\000\040\000e\000\040\000s\000e\000g\000m\000e\000n\000t\000a\000\347\000\343\000o}{section.7.5}% 267
\BOOKMARK [0][-]{subsection.7.5.5}{\376\377\000R\000e\000f\000e\000r\000\352\000n\000c\000i\000a\000s}{}% 268
\BOOKMARK [0][-]{chapter.1}{\376\377\000C\000o\000n\000f\000i\000g\000u\000r\000a\000\347\000\365\000e\000s\000\040\000c\000o\000m\000p\000l\000e\000t\000a\000s\000\040\000d\000o\000s\000\040\000e\000x\000p\000e\000r\000i\000m\000e\000n\000t\000o\000s}{}% 269
\BOOKMARK [0][-]{chapter.2}{\376\377\000T\000a\000b\000e\000l\000a\000s\000\040\000d\000e\000t\000a\000l\000h\000a\000d\000a\000s\000\040\000d\000e\000\040\000r\000e\000s\000u\000l\000t\000a\000d\000o\000s}{}% 270
\BOOKMARK [0][-]{chapter.3}{\376\377\000A\000r\000q\000u\000i\000t\000e\000t\000u\000r\000a\000s\000\040\000d\000o\000s\000\040\000m\000o\000d\000e\000l\000o\000s}{}% 271
\BOOKMARK [0][-]{chapter.4}{\376\377\000T\000r\000e\000c\000h\000o\000s\000\040\000d\000e\000\040\000c\000\363\000d\000i\000g\000o\000\040\000r\000e\000l\000e\000v\000a\000n\000t\000e\000s}{}% 272
